This is pdfTeX, Version 3.1415926-2.4-1.40.13 (TeX Live 2012/Debian) (format=pdflatex 2012.12.23)  29 SEP 2013 22:43
entering extended mode
 restricted \write18 enabled.
 %&-line parsing enabled.
**RPU2013.tex
(./RPU2013.tex
LaTeX2e <2011/06/27>
Babel <v3.8m> and hyphenation patterns for english, dumylang, nohyphenation, lo
aded.
(/usr/share/texlive/texmf-dist/tex/latex/base/report.cls
Document Class: report 2007/10/19 v1.4h Standard LaTeX document class
(/usr/share/texlive/texmf-dist/tex/latex/base/size12.clo
File: size12.clo 2007/10/19 v1.4h Standard LaTeX file (size option)
)
\c@part=\count79
\c@chapter=\count80
\c@section=\count81
\c@subsection=\count82
\c@subsubsection=\count83
\c@paragraph=\count84
\c@subparagraph=\count85
\c@figure=\count86
\c@table=\count87
\abovecaptionskip=\skip41
\belowcaptionskip=\skip42
\bibindent=\dimen102
)
(/usr/share/texlive/texmf-dist/tex/latex/graphics/graphicx.sty
Package: graphicx 1999/02/16 v1.0f Enhanced LaTeX Graphics (DPC,SPQR)

(/usr/share/texlive/texmf-dist/tex/latex/graphics/keyval.sty
Package: keyval 1999/03/16 v1.13 key=value parser (DPC)
\KV@toks@=\toks14
)
(/usr/share/texlive/texmf-dist/tex/latex/graphics/graphics.sty
Package: graphics 2009/02/05 v1.0o Standard LaTeX Graphics (DPC,SPQR)

(/usr/share/texlive/texmf-dist/tex/latex/graphics/trig.sty
Package: trig 1999/03/16 v1.09 sin cos tan (DPC)
)
(/usr/share/texlive/texmf-dist/tex/latex/latexconfig/graphics.cfg
File: graphics.cfg 2010/04/23 v1.9 graphics configuration of TeX Live
)
Package graphics Info: Driver file: pdftex.def on input line 91.

(/usr/share/texlive/texmf-dist/tex/latex/pdftex-def/pdftex.def
File: pdftex.def 2011/05/27 v0.06d Graphics/color for pdfTeX

(/usr/share/texlive/texmf-dist/tex/generic/oberdiek/infwarerr.sty
Package: infwarerr 2010/04/08 v1.3 Providing info/warning/error messages (HO)
)
(/usr/share/texlive/texmf-dist/tex/generic/oberdiek/ltxcmds.sty
Package: ltxcmds 2011/11/09 v1.22 LaTeX kernel commands for general use (HO)
)
\Gread@gobject=\count88
))
\Gin@req@height=\dimen103
\Gin@req@width=\dimen104
)
(/usr/share/texlive/texmf-dist/tex/latex/graphics/color.sty
Package: color 2005/11/14 v1.0j Standard LaTeX Color (DPC)

(/usr/share/texlive/texmf-dist/tex/latex/latexconfig/color.cfg
File: color.cfg 2007/01/18 v1.5 color configuration of teTeX/TeXLive
)
Package color Info: Driver file: pdftex.def on input line 130.
)
(/usr/share/texlive/texmf-dist/tex/latex/framed/framed.sty
Package: framed 2011/10/22 v 0.96: framed or shaded text with page breaks
\OuterFrameSep=\skip43
\fb@frw=\dimen105
\fb@frh=\dimen106
\FrameRule=\dimen107
\FrameSep=\dimen108
)
(/usr/share/texlive/texmf-dist/tex/latex/base/alltt.sty
Package: alltt 1997/06/16 v2.0g defines alltt environment
)
(/usr/share/texlive/texmf-dist/tex/generic/babel/babel.sty
Package: babel 2008/07/08 v3.8m The Babel package

(/usr/share/texlive/texmf-dist/tex/generic/babel/english.ldf
Language: english 2005/03/30 v3.3o English support from the babel system

(/usr/share/texlive/texmf-dist/tex/generic/babel/babel.def
File: babel.def 2008/07/08 v3.8m Babel common definitions
\babel@savecnt=\count89
\U@D=\dimen109
)
\l@british = a dialect from \language\l@english 
\l@UKenglish = a dialect from \language\l@english 
\l@canadian = a dialect from \language\l@american 
\l@australian = a dialect from \language\l@british 
\l@newzealand = a dialect from \language\l@british 
)
(/usr/share/texlive/texmf-dist/tex/generic/babel/frenchb.ldf
Language: frenchb 2010/08/21 v2.5a French support from the babel system


Package babel Warning: No hyphenation patterns were loaded for
(babel)                the language `French'
(babel)                I will use the patterns loaded for \language=0 instead.

\l@french = a dialect from \language0
Package babel Info: Making : an active character on input line 234.
Package babel Info: Making ; an active character on input line 235.
Package babel Info: Making ! an active character on input line 236.
Package babel Info: Making ? an active character on input line 237.
\FB@Mht=\dimen110
\std@mcc=\count90
\dec@mcc=\count91
\parindentFFN=\dimen111
*************************************
* Local config file frenchb.cfg used
*
(/usr/share/texlive/texmf-dist/tex/generic/babel/frenchb.cfg))
(/usr/share/texlive/texmf-dist/tex/generic/babel/frenchb.ldf
Language: frenchb 2010/08/21 v2.5a French support from the babel system
))
(/usr/share/texlive/texmf-dist/tex/latex/carlisle/scalefnt.sty)
(/usr/share/texlive/texmf-dist/tex/latex/base/fontenc.sty
Package: fontenc 2005/09/27 v1.99g Standard LaTeX package

(/usr/share/texlive/texmf-dist/tex/latex/base/t1enc.def
File: t1enc.def 2005/09/27 v1.99g Standard LaTeX file
LaTeX Font Info:    Redeclaring font encoding T1 on input line 43.
))
(/usr/share/texmf/tex/latex/lm/lmodern.sty
Package: lmodern 2009/10/30 v1.6 Latin Modern Fonts
LaTeX Font Info:    Overwriting symbol font `operators' in version `normal'
(Font)                  OT1/cmr/m/n --> OT1/lmr/m/n on input line 22.
LaTeX Font Info:    Overwriting symbol font `letters' in version `normal'
(Font)                  OML/cmm/m/it --> OML/lmm/m/it on input line 23.
LaTeX Font Info:    Overwriting symbol font `symbols' in version `normal'
(Font)                  OMS/cmsy/m/n --> OMS/lmsy/m/n on input line 24.
LaTeX Font Info:    Overwriting symbol font `largesymbols' in version `normal'
(Font)                  OMX/cmex/m/n --> OMX/lmex/m/n on input line 25.
LaTeX Font Info:    Overwriting symbol font `operators' in version `bold'
(Font)                  OT1/cmr/bx/n --> OT1/lmr/bx/n on input line 26.
LaTeX Font Info:    Overwriting symbol font `letters' in version `bold'
(Font)                  OML/cmm/b/it --> OML/lmm/b/it on input line 27.
LaTeX Font Info:    Overwriting symbol font `symbols' in version `bold'
(Font)                  OMS/cmsy/b/n --> OMS/lmsy/b/n on input line 28.
LaTeX Font Info:    Overwriting symbol font `largesymbols' in version `bold'
(Font)                  OMX/cmex/m/n --> OMX/lmex/m/n on input line 29.
LaTeX Font Info:    Overwriting math alphabet `\mathbf' in version `normal'
(Font)                  OT1/cmr/bx/n --> OT1/lmr/bx/n on input line 31.
LaTeX Font Info:    Overwriting math alphabet `\mathsf' in version `normal'
(Font)                  OT1/cmss/m/n --> OT1/lmss/m/n on input line 32.
LaTeX Font Info:    Overwriting math alphabet `\mathit' in version `normal'
(Font)                  OT1/cmr/m/it --> OT1/lmr/m/it on input line 33.
LaTeX Font Info:    Overwriting math alphabet `\mathtt' in version `normal'
(Font)                  OT1/cmtt/m/n --> OT1/lmtt/m/n on input line 34.
LaTeX Font Info:    Overwriting math alphabet `\mathbf' in version `bold'
(Font)                  OT1/cmr/bx/n --> OT1/lmr/bx/n on input line 35.
LaTeX Font Info:    Overwriting math alphabet `\mathsf' in version `bold'
(Font)                  OT1/cmss/bx/n --> OT1/lmss/bx/n on input line 36.
LaTeX Font Info:    Overwriting math alphabet `\mathit' in version `bold'
(Font)                  OT1/cmr/bx/it --> OT1/lmr/bx/it on input line 37.
LaTeX Font Info:    Overwriting math alphabet `\mathtt' in version `bold'
(Font)                  OT1/cmtt/m/n --> OT1/lmtt/m/n on input line 38.
)
(/usr/share/texlive/texmf-dist/tex/latex/base/inputenc.sty
Package: inputenc 2008/03/30 v1.1d Input encoding file
\inpenc@prehook=\toks15
\inpenc@posthook=\toks16

(/usr/share/texlive/texmf-dist/tex/latex/base/utf8.def
File: utf8.def 2008/04/05 v1.1m UTF-8 support for inputenc
Now handling font encoding OML ...
... no UTF-8 mapping file for font encoding OML
Now handling font encoding T1 ...
... processing UTF-8 mapping file for font encoding T1

(/usr/share/texlive/texmf-dist/tex/latex/base/t1enc.dfu
File: t1enc.dfu 2008/04/05 v1.1m UTF-8 support for inputenc
   defining Unicode char U+00A1 (decimal 161)
   defining Unicode char U+00A3 (decimal 163)
   defining Unicode char U+00AB (decimal 171)
   defining Unicode char U+00BB (decimal 187)
   defining Unicode char U+00BF (decimal 191)
   defining Unicode char U+00C0 (decimal 192)
   defining Unicode char U+00C1 (decimal 193)
   defining Unicode char U+00C2 (decimal 194)
   defining Unicode char U+00C3 (decimal 195)
   defining Unicode char U+00C4 (decimal 196)
   defining Unicode char U+00C5 (decimal 197)
   defining Unicode char U+00C6 (decimal 198)
   defining Unicode char U+00C7 (decimal 199)
   defining Unicode char U+00C8 (decimal 200)
   defining Unicode char U+00C9 (decimal 201)
   defining Unicode char U+00CA (decimal 202)
   defining Unicode char U+00CB (decimal 203)
   defining Unicode char U+00CC (decimal 204)
   defining Unicode char U+00CD (decimal 205)
   defining Unicode char U+00CE (decimal 206)
   defining Unicode char U+00CF (decimal 207)
   defining Unicode char U+00D0 (decimal 208)
   defining Unicode char U+00D1 (decimal 209)
   defining Unicode char U+00D2 (decimal 210)
   defining Unicode char U+00D3 (decimal 211)
   defining Unicode char U+00D4 (decimal 212)
   defining Unicode char U+00D5 (decimal 213)
   defining Unicode char U+00D6 (decimal 214)
   defining Unicode char U+00D8 (decimal 216)
   defining Unicode char U+00D9 (decimal 217)
   defining Unicode char U+00DA (decimal 218)
   defining Unicode char U+00DB (decimal 219)
   defining Unicode char U+00DC (decimal 220)
   defining Unicode char U+00DD (decimal 221)
   defining Unicode char U+00DE (decimal 222)
   defining Unicode char U+00DF (decimal 223)
   defining Unicode char U+00E0 (decimal 224)
   defining Unicode char U+00E1 (decimal 225)
   defining Unicode char U+00E2 (decimal 226)
   defining Unicode char U+00E3 (decimal 227)
   defining Unicode char U+00E4 (decimal 228)
   defining Unicode char U+00E5 (decimal 229)
   defining Unicode char U+00E6 (decimal 230)
   defining Unicode char U+00E7 (decimal 231)
   defining Unicode char U+00E8 (decimal 232)
   defining Unicode char U+00E9 (decimal 233)
   defining Unicode char U+00EA (decimal 234)
   defining Unicode char U+00EB (decimal 235)
   defining Unicode char U+00EC (decimal 236)
   defining Unicode char U+00ED (decimal 237)
   defining Unicode char U+00EE (decimal 238)
   defining Unicode char U+00EF (decimal 239)
   defining Unicode char U+00F0 (decimal 240)
   defining Unicode char U+00F1 (decimal 241)
   defining Unicode char U+00F2 (decimal 242)
   defining Unicode char U+00F3 (decimal 243)
   defining Unicode char U+00F4 (decimal 244)
   defining Unicode char U+00F5 (decimal 245)
   defining Unicode char U+00F6 (decimal 246)
   defining Unicode char U+00F8 (decimal 248)
   defining Unicode char U+00F9 (decimal 249)
   defining Unicode char U+00FA (decimal 250)
   defining Unicode char U+00FB (decimal 251)
   defining Unicode char U+00FC (decimal 252)
   defining Unicode char U+00FD (decimal 253)
   defining Unicode char U+00FE (decimal 254)
   defining Unicode char U+00FF (decimal 255)
   defining Unicode char U+0102 (decimal 258)
   defining Unicode char U+0103 (decimal 259)
   defining Unicode char U+0104 (decimal 260)
   defining Unicode char U+0105 (decimal 261)
   defining Unicode char U+0106 (decimal 262)
   defining Unicode char U+0107 (decimal 263)
   defining Unicode char U+010C (decimal 268)
   defining Unicode char U+010D (decimal 269)
   defining Unicode char U+010E (decimal 270)
   defining Unicode char U+010F (decimal 271)
   defining Unicode char U+0110 (decimal 272)
   defining Unicode char U+0111 (decimal 273)
   defining Unicode char U+0118 (decimal 280)
   defining Unicode char U+0119 (decimal 281)
   defining Unicode char U+011A (decimal 282)
   defining Unicode char U+011B (decimal 283)
   defining Unicode char U+011E (decimal 286)
   defining Unicode char U+011F (decimal 287)
   defining Unicode char U+0130 (decimal 304)
   defining Unicode char U+0131 (decimal 305)
   defining Unicode char U+0132 (decimal 306)
   defining Unicode char U+0133 (decimal 307)
   defining Unicode char U+0139 (decimal 313)
   defining Unicode char U+013A (decimal 314)
   defining Unicode char U+013D (decimal 317)
   defining Unicode char U+013E (decimal 318)
   defining Unicode char U+0141 (decimal 321)
   defining Unicode char U+0142 (decimal 322)
   defining Unicode char U+0143 (decimal 323)
   defining Unicode char U+0144 (decimal 324)
   defining Unicode char U+0147 (decimal 327)
   defining Unicode char U+0148 (decimal 328)
   defining Unicode char U+014A (decimal 330)
   defining Unicode char U+014B (decimal 331)
   defining Unicode char U+0150 (decimal 336)
   defining Unicode char U+0151 (decimal 337)
   defining Unicode char U+0152 (decimal 338)
   defining Unicode char U+0153 (decimal 339)
   defining Unicode char U+0154 (decimal 340)
   defining Unicode char U+0155 (decimal 341)
   defining Unicode char U+0158 (decimal 344)
   defining Unicode char U+0159 (decimal 345)
   defining Unicode char U+015A (decimal 346)
   defining Unicode char U+015B (decimal 347)
   defining Unicode char U+015E (decimal 350)
   defining Unicode char U+015F (decimal 351)
   defining Unicode char U+0160 (decimal 352)
   defining Unicode char U+0161 (decimal 353)
   defining Unicode char U+0162 (decimal 354)
   defining Unicode char U+0163 (decimal 355)
   defining Unicode char U+0164 (decimal 356)
   defining Unicode char U+0165 (decimal 357)
   defining Unicode char U+016E (decimal 366)
   defining Unicode char U+016F (decimal 367)
   defining Unicode char U+0170 (decimal 368)
   defining Unicode char U+0171 (decimal 369)
   defining Unicode char U+0178 (decimal 376)
   defining Unicode char U+0179 (decimal 377)
   defining Unicode char U+017A (decimal 378)
   defining Unicode char U+017B (decimal 379)
   defining Unicode char U+017C (decimal 380)
   defining Unicode char U+017D (decimal 381)
   defining Unicode char U+017E (decimal 382)
   defining Unicode char U+200C (decimal 8204)
   defining Unicode char U+2013 (decimal 8211)
   defining Unicode char U+2014 (decimal 8212)
   defining Unicode char U+2018 (decimal 8216)
   defining Unicode char U+2019 (decimal 8217)
   defining Unicode char U+201A (decimal 8218)
   defining Unicode char U+201C (decimal 8220)
   defining Unicode char U+201D (decimal 8221)
   defining Unicode char U+201E (decimal 8222)
   defining Unicode char U+2030 (decimal 8240)
   defining Unicode char U+2031 (decimal 8241)
   defining Unicode char U+2039 (decimal 8249)
   defining Unicode char U+203A (decimal 8250)
   defining Unicode char U+2423 (decimal 9251)
)
Now handling font encoding OT1 ...
... processing UTF-8 mapping file for font encoding OT1

(/usr/share/texlive/texmf-dist/tex/latex/base/ot1enc.dfu
File: ot1enc.dfu 2008/04/05 v1.1m UTF-8 support for inputenc
   defining Unicode char U+00A1 (decimal 161)
   defining Unicode char U+00A3 (decimal 163)
   defining Unicode char U+00B8 (decimal 184)
   defining Unicode char U+00BF (decimal 191)
   defining Unicode char U+00C5 (decimal 197)
   defining Unicode char U+00C6 (decimal 198)
   defining Unicode char U+00D8 (decimal 216)
   defining Unicode char U+00DF (decimal 223)
   defining Unicode char U+00E6 (decimal 230)
   defining Unicode char U+00EC (decimal 236)
   defining Unicode char U+00ED (decimal 237)
   defining Unicode char U+00EE (decimal 238)
   defining Unicode char U+00EF (decimal 239)
   defining Unicode char U+00F8 (decimal 248)
   defining Unicode char U+0131 (decimal 305)
   defining Unicode char U+0141 (decimal 321)
   defining Unicode char U+0142 (decimal 322)
   defining Unicode char U+0152 (decimal 338)
   defining Unicode char U+0153 (decimal 339)
   defining Unicode char U+2013 (decimal 8211)
   defining Unicode char U+2014 (decimal 8212)
   defining Unicode char U+2018 (decimal 8216)
   defining Unicode char U+2019 (decimal 8217)
   defining Unicode char U+201C (decimal 8220)
   defining Unicode char U+201D (decimal 8221)
)
Now handling font encoding OMS ...
... processing UTF-8 mapping file for font encoding OMS

(/usr/share/texlive/texmf-dist/tex/latex/base/omsenc.dfu
File: omsenc.dfu 2008/04/05 v1.1m UTF-8 support for inputenc
   defining Unicode char U+00A7 (decimal 167)
   defining Unicode char U+00B6 (decimal 182)
   defining Unicode char U+00B7 (decimal 183)
   defining Unicode char U+2020 (decimal 8224)
   defining Unicode char U+2021 (decimal 8225)
   defining Unicode char U+2022 (decimal 8226)
)
Now handling font encoding OMX ...
... no UTF-8 mapping file for font encoding OMX
Now handling font encoding U ...
... no UTF-8 mapping file for font encoding U
   defining Unicode char U+00A9 (decimal 169)
   defining Unicode char U+00AA (decimal 170)
   defining Unicode char U+00AE (decimal 174)
   defining Unicode char U+00BA (decimal 186)
   defining Unicode char U+02C6 (decimal 710)
   defining Unicode char U+02DC (decimal 732)
   defining Unicode char U+200C (decimal 8204)
   defining Unicode char U+2026 (decimal 8230)
   defining Unicode char U+2122 (decimal 8482)
   defining Unicode char U+2423 (decimal 9251)
))
\@input{rpu-2012.sty.aux}
\openout2 = `rpu-2012.sty.aux'.

No file rpu-2012.sty.tex.
(/usr/share/texlive/texmf-dist/tex/latex/numprint/numprint.sty
Package: numprint 2008/02/17 v1.38 Print numbers (HH)

(/usr/share/texlive/texmf-dist/tex/latex/tools/array.sty
Package: array 2008/09/09 v2.4c Tabular extension package (FMi)
\col@sep=\dimen112
\extrarowheight=\dimen113
\NC@list=\toks17
\extratabsurround=\skip44
\backup@length=\skip45
)
\c@nprt@mantissa@digitsbefore=\count92
\c@nprt@mantissa@digitsafter=\count93
\c@nprt@exponent@digitsbefore=\count94
\c@nprt@exponent@digitsafter=\count95
\nprt@digitwidth=\skip46
\nprt@sepwidth=\skip47
\nprt@decimalwidth=\skip48
\nprt@blockwidth=\skip49
\nprt@digittoks=\toks18
\nprt@pretoks=\toks19
\nprt@posttoks=\toks20
\nprt@thisdigit=\count96
\nprt@curpos=\count97
\nprt@rndpos=\count98
\c@nprt@digitsfirstblock=\count99
\c@nprt@blockcnt=\count100
\c@nprt@cntprint=\count101

No configuration file `numprint.cfg' found.)
(/usr/share/texlive/texmf-dist/tex/latex/hyperref/hyperref.sty
Package: hyperref 2012/05/13 v6.82q Hypertext links for LaTeX

(/usr/share/texlive/texmf-dist/tex/generic/oberdiek/hobsub-hyperref.sty
Package: hobsub-hyperref 2012/05/28 v1.13 Bundle oberdiek, subset hyperref (HO)


(/usr/share/texlive/texmf-dist/tex/generic/oberdiek/hobsub-generic.sty
Package: hobsub-generic 2012/05/28 v1.13 Bundle oberdiek, subset generic (HO)
Package: hobsub 2012/05/28 v1.13 Construct package bundles (HO)
Package hobsub Info: Skipping package `infwarerr' (already loaded).
Package hobsub Info: Skipping package `ltxcmds' (already loaded).
Package: ifluatex 2010/03/01 v1.3 Provides the ifluatex switch (HO)
Package ifluatex Info: LuaTeX not detected.
Package: ifvtex 2010/03/01 v1.5 Detect VTeX and its facilities (HO)
Package ifvtex Info: VTeX not detected.
Package: intcalc 2007/09/27 v1.1 Expandable calculations with integers (HO)
Package: ifpdf 2011/01/30 v2.3 Provides the ifpdf switch (HO)
Package ifpdf Info: pdfTeX in PDF mode is detected.
Package: etexcmds 2011/02/16 v1.5 Avoid name clashes with e-TeX commands (HO)
Package etexcmds Info: Could not find \expanded.
(etexcmds)             That can mean that you are not using pdfTeX 1.50 or
(etexcmds)             that some package has redefined \expanded.
(etexcmds)             In the latter case, load this package earlier.
Package: kvsetkeys 2012/04/25 v1.16 Key value parser (HO)
Package: kvdefinekeys 2011/04/07 v1.3 Define keys (HO)
Package: pdftexcmds 2011/11/29 v0.20 Utility functions of pdfTeX for LuaTeX (HO
)
Package pdftexcmds Info: LuaTeX not detected.
Package pdftexcmds Info: \pdf@primitive is available.
Package pdftexcmds Info: \pdf@ifprimitive is available.
Package pdftexcmds Info: \pdfdraftmode found.
Package: pdfescape 2011/11/25 v1.13 Implements pdfTeX's escape features (HO)
Package: bigintcalc 2012/04/08 v1.3 Expandable calculations on big integers (HO
)
Package: bitset 2011/01/30 v1.1 Handle bit-vector datatype (HO)
Package: uniquecounter 2011/01/30 v1.2 Provide unlimited unique counter (HO)
)
Package hobsub Info: Skipping package `hobsub' (already loaded).
Package: letltxmacro 2010/09/02 v1.4 Let assignment for LaTeX macros (HO)
Package: hopatch 2012/05/28 v1.2 Wrapper for package hooks (HO)
Package: xcolor-patch 2011/01/30 xcolor patch
Package: atveryend 2011/06/30 v1.8 Hooks at the very end of document (HO)
Package atveryend Info: \enddocument detected (standard20110627).
Package: atbegshi 2011/10/05 v1.16 At begin shipout hook (HO)
Package: refcount 2011/10/16 v3.4 Data extraction from label references (HO)
Package: hycolor 2011/01/30 v1.7 Color options for hyperref/bookmark (HO)
)
(/usr/share/texlive/texmf-dist/tex/generic/ifxetex/ifxetex.sty
Package: ifxetex 2010/09/12 v0.6 Provides ifxetex conditional
)
(/usr/share/texlive/texmf-dist/tex/latex/oberdiek/kvoptions.sty
Package: kvoptions 2011/06/30 v3.11 Key value format for package options (HO)
)
\@linkdim=\dimen114
\Hy@linkcounter=\count102
\Hy@pagecounter=\count103

(/usr/share/texlive/texmf-dist/tex/latex/hyperref/pd1enc.def
File: pd1enc.def 2012/05/13 v6.82q Hyperref: PDFDocEncoding definition (HO)
Now handling font encoding PD1 ...
... no UTF-8 mapping file for font encoding PD1
)
\Hy@SavedSpaceFactor=\count104

(/usr/share/texlive/texmf-dist/tex/latex/latexconfig/hyperref.cfg
File: hyperref.cfg 2002/06/06 v1.2 hyperref configuration of TeXLive
)
Package hyperref Info: Option `colorlinks' set `true' on input line 3941.
Package hyperref Info: Option `linktocpage' set `true' on input line 3941.
Package hyperref Info: Option `breaklinks' set `true' on input line 3941.
Package hyperref Info: Hyper figures OFF on input line 4062.
Package hyperref Info: Link nesting OFF on input line 4067.
Package hyperref Info: Hyper index ON on input line 4070.
Package hyperref Info: Plain pages OFF on input line 4077.
Package hyperref Info: Backreferencing OFF on input line 4082.
Package hyperref Info: Implicit mode ON; LaTeX internals redefined.
Package hyperref Info: Bookmarks ON on input line 4300.
\c@Hy@tempcnt=\count105

(/usr/share/texlive/texmf-dist/tex/latex/url/url.sty
\Urlmuskip=\muskip10
Package: url 2006/04/12  ver 3.3  Verb mode for urls, etc.
)
LaTeX Info: Redefining \url on input line 4653.
\Fld@menulength=\count106
\Field@Width=\dimen115
\Fld@charsize=\dimen116
Package hyperref Info: Hyper figures OFF on input line 5773.
Package hyperref Info: Link nesting OFF on input line 5778.
Package hyperref Info: Hyper index ON on input line 5781.
Package hyperref Info: backreferencing OFF on input line 5788.
Package hyperref Info: Link coloring ON on input line 5791.
Package hyperref Info: Link coloring with OCG OFF on input line 5798.
Package hyperref Info: PDF/A mode OFF on input line 5803.
LaTeX Info: Redefining \ref on input line 5843.
LaTeX Info: Redefining \pageref on input line 5847.
\Hy@abspage=\count107
\c@Item=\count108
\c@Hfootnote=\count109
)

Package hyperref Message: Driver (autodetected): hpdftex.

(/usr/share/texlive/texmf-dist/tex/latex/hyperref/hpdftex.def
File: hpdftex.def 2012/05/13 v6.82q Hyperref driver for pdfTeX
\Fld@listcount=\count110
\c@bookmark@seq@number=\count111

(/usr/share/texlive/texmf-dist/tex/latex/oberdiek/rerunfilecheck.sty
Package: rerunfilecheck 2011/04/15 v1.7 Rerun checks for auxiliary files (HO)
Package uniquecounter Info: New unique counter `rerunfilecheck' on input line 2
82.
)
\Hy@SectionHShift=\skip50
)
(/usr/share/texlive/texmf-dist/tex/latex/geometry/geometry.sty
Package: geometry 2010/09/12 v5.6 Page Geometry
\Gm@cnth=\count112
\Gm@cntv=\count113
\c@Gm@tempcnt=\count114
\Gm@bindingoffset=\dimen117
\Gm@wd@mp=\dimen118
\Gm@odd@mp=\dimen119
\Gm@even@mp=\dimen120
\Gm@layoutwidth=\dimen121
\Gm@layoutheight=\dimen122
\Gm@layouthoffset=\dimen123
\Gm@layoutvoffset=\dimen124
\Gm@dimlist=\toks21
)
(/usr/share/texlive/texmf-dist/tex/latex/amsmath/amsmath.sty
Package: amsmath 2000/07/18 v2.13 AMS math features
\@mathmargin=\skip51

For additional information on amsmath, use the `?' option.
(/usr/share/texlive/texmf-dist/tex/latex/amsmath/amstext.sty
Package: amstext 2000/06/29 v2.01

(/usr/share/texlive/texmf-dist/tex/latex/amsmath/amsgen.sty
File: amsgen.sty 1999/11/30 v2.0
\@emptytoks=\toks22
\ex@=\dimen125
))
(/usr/share/texlive/texmf-dist/tex/latex/amsmath/amsbsy.sty
Package: amsbsy 1999/11/29 v1.2d
\pmbraise@=\dimen126
)
(/usr/share/texlive/texmf-dist/tex/latex/amsmath/amsopn.sty
Package: amsopn 1999/12/14 v2.01 operator names
)
\inf@bad=\count115
LaTeX Info: Redefining \frac on input line 211.
\uproot@=\count116
\leftroot@=\count117
LaTeX Info: Redefining \overline on input line 307.
\classnum@=\count118
\DOTSCASE@=\count119
LaTeX Info: Redefining \ldots on input line 379.
LaTeX Info: Redefining \dots on input line 382.
LaTeX Info: Redefining \cdots on input line 467.
\Mathstrutbox@=\box26
\strutbox@=\box27
\big@size=\dimen127
LaTeX Font Info:    Redeclaring font encoding OML on input line 567.
LaTeX Font Info:    Redeclaring font encoding OMS on input line 568.
\macc@depth=\count120
\c@MaxMatrixCols=\count121
\dotsspace@=\muskip11
\c@parentequation=\count122
\dspbrk@lvl=\count123
\tag@help=\toks23
\row@=\count124
\column@=\count125
\maxfields@=\count126
\andhelp@=\toks24
\eqnshift@=\dimen128
\alignsep@=\dimen129
\tagshift@=\dimen130
\tagwidth@=\dimen131
\totwidth@=\dimen132
\lineht@=\dimen133
\@envbody=\toks25
\multlinegap=\skip52
\multlinetaggap=\skip53
\mathdisplay@stack=\toks26
LaTeX Info: Redefining \[ on input line 2666.
LaTeX Info: Redefining \] on input line 2667.
)
(/usr/share/texlive/texmf-dist/tex/latex/amsfonts/amsfonts.sty
Package: amsfonts 2009/06/22 v3.00 Basic AMSFonts support
\symAMSa=\mathgroup4
\symAMSb=\mathgroup5
LaTeX Font Info:    Overwriting math alphabet `\mathfrak' in version `bold'
(Font)                  U/euf/m/n --> U/euf/b/n on input line 96.
)
(/usr/share/texlive/texmf-dist/tex/latex/amsfonts/amssymb.sty
Package: amssymb 2009/06/22 v3.00
)
(/usr/share/texmf/tex/latex/xcolor/xcolor.sty
Package: xcolor 2007/01/21 v2.11 LaTeX color extensions (UK)

(/usr/share/texlive/texmf-dist/tex/latex/latexconfig/color.cfg
File: color.cfg 2007/01/18 v1.5 color configuration of teTeX/TeXLive
)
Package xcolor Info: Driver file: pdftex.def on input line 225.
LaTeX Info: Redefining \color on input line 702.
Package xcolor Info: Model `cmy' substituted by `cmy0' on input line 1337.
Package xcolor Info: Model `hsb' substituted by `rgb' on input line 1341.
Package xcolor Info: Model `RGB' extended on input line 1353.
Package xcolor Info: Model `HTML' substituted by `rgb' on input line 1355.
Package xcolor Info: Model `Hsb' substituted by `hsb' on input line 1356.
Package xcolor Info: Model `tHsb' substituted by `hsb' on input line 1357.
Package xcolor Info: Model `HSB' substituted by `hsb' on input line 1358.
Package xcolor Info: Model `Gray' substituted by `gray' on input line 1359.
Package xcolor Info: Model `wave' substituted by `hsb' on input line 1360.
)
(/usr/share/texmf/tex/latex/pgf/frontendlayer/tikz.sty
(/usr/share/texmf/tex/latex/pgf/basiclayer/pgf.sty
(/usr/share/texmf/tex/latex/pgf/utilities/pgfrcs.sty
(/usr/share/texmf/tex/generic/pgf/utilities/pgfutil-common.tex
\pgfutil@everybye=\toks27
)
(/usr/share/texmf/tex/generic/pgf/utilities/pgfutil-latex.def
\pgfutil@abb=\box28

(/usr/share/texlive/texmf-dist/tex/latex/ms/everyshi.sty
Package: everyshi 2001/05/15 v3.00 EveryShipout Package (MS)
))
(/usr/share/texmf/tex/generic/pgf/utilities/pgfrcs.code.tex
Package: pgfrcs 2010/10/25 v2.10 (rcs-revision 1.24)
))
Package: pgf 2008/01/15 v2.10 (rcs-revision 1.12)

(/usr/share/texmf/tex/latex/pgf/basiclayer/pgfcore.sty
(/usr/share/texmf/tex/latex/pgf/systemlayer/pgfsys.sty
(/usr/share/texmf/tex/generic/pgf/systemlayer/pgfsys.code.tex
Package: pgfsys 2010/06/30 v2.10 (rcs-revision 1.37)

(/usr/share/texmf/tex/generic/pgf/utilities/pgfkeys.code.tex
\pgfkeys@pathtoks=\toks28
\pgfkeys@temptoks=\toks29

(/usr/share/texmf/tex/generic/pgf/utilities/pgfkeysfiltered.code.tex
\pgfkeys@tmptoks=\toks30
))
\pgf@x=\dimen134
\pgf@y=\dimen135
\pgf@xa=\dimen136
\pgf@ya=\dimen137
\pgf@xb=\dimen138
\pgf@yb=\dimen139
\pgf@xc=\dimen140
\pgf@yc=\dimen141
\w@pgf@writea=\write3
\r@pgf@reada=\read1
\c@pgf@counta=\count127
\c@pgf@countb=\count128
\c@pgf@countc=\count129
\c@pgf@countd=\count130

(/usr/share/texmf/tex/generic/pgf/systemlayer/pgf.cfg
File: pgf.cfg 2008/05/14  (rcs-revision 1.7)
)
Package pgfsys Info: Driver file for pgf: pgfsys-pdftex.def on input line 900.

(/usr/share/texmf/tex/generic/pgf/systemlayer/pgfsys-pdftex.def
File: pgfsys-pdftex.def 2009/05/22  (rcs-revision 1.26)

(/usr/share/texmf/tex/generic/pgf/systemlayer/pgfsys-common-pdf.def
File: pgfsys-common-pdf.def 2008/05/19  (rcs-revision 1.10)
)))
(/usr/share/texmf/tex/generic/pgf/systemlayer/pgfsyssoftpath.code.tex
File: pgfsyssoftpath.code.tex 2008/07/18  (rcs-revision 1.7)
\pgfsyssoftpath@smallbuffer@items=\count131
\pgfsyssoftpath@bigbuffer@items=\count132
)
(/usr/share/texmf/tex/generic/pgf/systemlayer/pgfsysprotocol.code.tex
File: pgfsysprotocol.code.tex 2006/10/16  (rcs-revision 1.4)
))
(/usr/share/texmf/tex/generic/pgf/basiclayer/pgfcore.code.tex
Package: pgfcore 2010/04/11 v2.10 (rcs-revision 1.7)

(/usr/share/texmf/tex/generic/pgf/math/pgfmath.code.tex
(/usr/share/texmf/tex/generic/pgf/math/pgfmathcalc.code.tex
(/usr/share/texmf/tex/generic/pgf/math/pgfmathutil.code.tex)
(/usr/share/texmf/tex/generic/pgf/math/pgfmathparser.code.tex
\pgfmath@dimen=\dimen142
\pgfmath@count=\count133
\pgfmath@box=\box29
\pgfmath@toks=\toks31
\pgfmath@stack@operand=\toks32
\pgfmath@stack@operation=\toks33
)
(/usr/share/texmf/tex/generic/pgf/math/pgfmathfunctions.code.tex
(/usr/share/texmf/tex/generic/pgf/math/pgfmathfunctions.basic.code.tex)
(/usr/share/texmf/tex/generic/pgf/math/pgfmathfunctions.trigonometric.code.tex)
(/usr/share/texmf/tex/generic/pgf/math/pgfmathfunctions.random.code.tex)
(/usr/share/texmf/tex/generic/pgf/math/pgfmathfunctions.comparison.code.tex)
(/usr/share/texmf/tex/generic/pgf/math/pgfmathfunctions.base.code.tex)
(/usr/share/texmf/tex/generic/pgf/math/pgfmathfunctions.round.code.tex)
(/usr/share/texmf/tex/generic/pgf/math/pgfmathfunctions.misc.code.tex)))
(/usr/share/texmf/tex/generic/pgf/math/pgfmathfloat.code.tex
\c@pgfmathroundto@lastzeros=\count134
))
(/usr/share/texmf/tex/generic/pgf/basiclayer/pgfcorepoints.code.tex
File: pgfcorepoints.code.tex 2010/04/09  (rcs-revision 1.20)
\pgf@picminx=\dimen143
\pgf@picmaxx=\dimen144
\pgf@picminy=\dimen145
\pgf@picmaxy=\dimen146
\pgf@pathminx=\dimen147
\pgf@pathmaxx=\dimen148
\pgf@pathminy=\dimen149
\pgf@pathmaxy=\dimen150
\pgf@xx=\dimen151
\pgf@xy=\dimen152
\pgf@yx=\dimen153
\pgf@yy=\dimen154
\pgf@zx=\dimen155
\pgf@zy=\dimen156
)
(/usr/share/texmf/tex/generic/pgf/basiclayer/pgfcorepathconstruct.code.tex
File: pgfcorepathconstruct.code.tex 2010/08/03  (rcs-revision 1.24)
\pgf@path@lastx=\dimen157
\pgf@path@lasty=\dimen158
)
(/usr/share/texmf/tex/generic/pgf/basiclayer/pgfcorepathusage.code.tex
File: pgfcorepathusage.code.tex 2008/04/22  (rcs-revision 1.12)
\pgf@shorten@end@additional=\dimen159
\pgf@shorten@start@additional=\dimen160
)
(/usr/share/texmf/tex/generic/pgf/basiclayer/pgfcorescopes.code.tex
File: pgfcorescopes.code.tex 2010/09/08  (rcs-revision 1.34)
\pgfpic=\box30
\pgf@hbox=\box31
\pgf@layerbox@main=\box32
\pgf@picture@serial@count=\count135
)
(/usr/share/texmf/tex/generic/pgf/basiclayer/pgfcoregraphicstate.code.tex
File: pgfcoregraphicstate.code.tex 2008/04/22  (rcs-revision 1.9)
\pgflinewidth=\dimen161
)
(/usr/share/texmf/tex/generic/pgf/basiclayer/pgfcoretransformations.code.tex
File: pgfcoretransformations.code.tex 2009/06/10  (rcs-revision 1.11)
\pgf@pt@x=\dimen162
\pgf@pt@y=\dimen163
\pgf@pt@temp=\dimen164
)
(/usr/share/texmf/tex/generic/pgf/basiclayer/pgfcorequick.code.tex
File: pgfcorequick.code.tex 2008/10/09  (rcs-revision 1.3)
)
(/usr/share/texmf/tex/generic/pgf/basiclayer/pgfcoreobjects.code.tex
File: pgfcoreobjects.code.tex 2006/10/11  (rcs-revision 1.2)
)
(/usr/share/texmf/tex/generic/pgf/basiclayer/pgfcorepathprocessing.code.tex
File: pgfcorepathprocessing.code.tex 2008/10/09  (rcs-revision 1.8)
)
(/usr/share/texmf/tex/generic/pgf/basiclayer/pgfcorearrows.code.tex
File: pgfcorearrows.code.tex 2008/04/23  (rcs-revision 1.11)
)
(/usr/share/texmf/tex/generic/pgf/basiclayer/pgfcoreshade.code.tex
File: pgfcoreshade.code.tex 2008/11/23  (rcs-revision 1.13)
\pgf@max=\dimen165
\pgf@sys@shading@range@num=\count136
)
(/usr/share/texmf/tex/generic/pgf/basiclayer/pgfcoreimage.code.tex
File: pgfcoreimage.code.tex 2010/03/25  (rcs-revision 1.16)

(/usr/share/texmf/tex/generic/pgf/basiclayer/pgfcoreexternal.code.tex
File: pgfcoreexternal.code.tex 2010/09/01  (rcs-revision 1.17)
\pgfexternal@startupbox=\box33
))
(/usr/share/texmf/tex/generic/pgf/basiclayer/pgfcorelayers.code.tex
File: pgfcorelayers.code.tex 2010/08/27  (rcs-revision 1.2)
)
(/usr/share/texmf/tex/generic/pgf/basiclayer/pgfcoretransparency.code.tex
File: pgfcoretransparency.code.tex 2008/01/17  (rcs-revision 1.2)
)
(/usr/share/texmf/tex/generic/pgf/basiclayer/pgfcorepatterns.code.tex
File: pgfcorepatterns.code.tex 2009/07/02  (rcs-revision 1.3)
)))
(/usr/share/texmf/tex/generic/pgf/modules/pgfmoduleshapes.code.tex
File: pgfmoduleshapes.code.tex 2010/09/09  (rcs-revision 1.13)
\pgfnodeparttextbox=\box34
)
(/usr/share/texmf/tex/generic/pgf/modules/pgfmoduleplot.code.tex
File: pgfmoduleplot.code.tex 2010/10/22  (rcs-revision 1.8)
)
(/usr/share/texmf/tex/latex/pgf/compatibility/pgfcomp-version-0-65.sty
Package: pgfcomp-version-0-65 2007/07/03 v2.10 (rcs-revision 1.7)
\pgf@nodesepstart=\dimen166
\pgf@nodesepend=\dimen167
)
(/usr/share/texmf/tex/latex/pgf/compatibility/pgfcomp-version-1-18.sty
Package: pgfcomp-version-1-18 2007/07/23 v2.10 (rcs-revision 1.1)
))
(/usr/share/texmf/tex/latex/pgf/utilities/pgffor.sty
(/usr/share/texmf/tex/latex/pgf/utilities/pgfkeys.sty
(/usr/share/texmf/tex/generic/pgf/utilities/pgfkeys.code.tex))
(/usr/share/texmf/tex/generic/pgf/utilities/pgffor.code.tex
Package: pgffor 2010/03/23 v2.10 (rcs-revision 1.18)
\pgffor@iter=\dimen168
\pgffor@skip=\dimen169
\pgffor@stack=\toks34
\pgffor@toks=\toks35
))
(/usr/share/texmf/tex/generic/pgf/frontendlayer/tikz/tikz.code.tex
Package: tikz 2010/10/13 v2.10 (rcs-revision 1.76)

(/usr/share/texmf/tex/generic/pgf/libraries/pgflibraryplothandlers.code.tex
File: pgflibraryplothandlers.code.tex 2010/05/31 v2.10 (rcs-revision 1.15)
\pgf@plot@mark@count=\count137
\pgfplotmarksize=\dimen170
)
\tikz@lastx=\dimen171
\tikz@lasty=\dimen172
\tikz@lastxsaved=\dimen173
\tikz@lastysaved=\dimen174
\tikzleveldistance=\dimen175
\tikzsiblingdistance=\dimen176
\tikz@figbox=\box35
\tikz@tempbox=\box36
\tikztreelevel=\count138
\tikznumberofchildren=\count139
\tikznumberofcurrentchild=\count140
\tikz@fig@count=\count141

(/usr/share/texmf/tex/generic/pgf/modules/pgfmodulematrix.code.tex
File: pgfmodulematrix.code.tex 2010/08/24  (rcs-revision 1.4)
\pgfmatrixcurrentrow=\count142
\pgfmatrixcurrentcolumn=\count143
\pgf@matrix@numberofcolumns=\count144
)
\tikz@expandcount=\count145

(/usr/share/texmf/tex/generic/pgf/frontendlayer/tikz/libraries/tikzlibrarytopat
hs.code.tex
File: tikzlibrarytopaths.code.tex 2008/06/17 v2.10 (rcs-revision 1.2)
))) (/usr/share/texlive/texmf-dist/tex/latex/fancyhdr/fancyhdr.sty
\fancy@headwidth=\skip54
\f@ncyO@elh=\skip55
\f@ncyO@erh=\skip56
\f@ncyO@olh=\skip57
\f@ncyO@orh=\skip58
\f@ncyO@elf=\skip59
\f@ncyO@erf=\skip60
\f@ncyO@olf=\skip61
\f@ncyO@orf=\skip62
)
(/usr/share/texlive/texmf-dist/tex/latex/fancyvrb/fancyvrb.sty
Package: fancyvrb 2008/02/07

Style option: `fancyvrb' v2.7a, with DG/SPQR fixes, and firstline=lastline fix 
<2008/02/07> (tvz)
\FV@CodeLineNo=\count146
\FV@InFile=\read2
\FV@TabBox=\box37
\c@FancyVerbLine=\count147
\FV@StepNumber=\count148
\FV@OutFile=\write4
)
(/usr/share/texlive/texmf-dist/tex/latex/tools/longtable.sty
Package: longtable 2004/02/01 v4.11 Multi-page Table package (DPC)
\LTleft=\skip63
\LTright=\skip64
\LTpre=\skip65
\LTpost=\skip66
\LTchunksize=\count149
\LTcapwidth=\dimen177
\LT@head=\box38
\LT@firsthead=\box39
\LT@foot=\box40
\LT@lastfoot=\box41
\LT@cols=\count150
\LT@rows=\count151
\c@LT@tables=\count152
\c@LT@chunks=\count153
\LT@p@ftn=\toks36
)
(/usr/share/texlive/texmf-dist/tex/latex/base/makeidx.sty
Package: makeidx 2000/03/29 v1.0m Standard LaTeX package
)
\@indexfile=\write5
\openout5 = `RPU2013.idx'.


Writing index file RPU2013.idx
\@glossaryfile=\write6
\openout6 = `RPU2013.glo'.

Writing glossary file RPU2013.glo 
(/usr/share/R/share/texmf/tex/latex/upquote.sty
Package: upquote 2003/08/11 v1.1 Covington's upright-quote modification to verb
atim and verb

(/usr/share/texlive/texmf-dist/tex/latex/base/textcomp.sty
Package: textcomp 2005/09/27 v1.99g Standard LaTeX package
Package textcomp Info: Sub-encoding information:
(textcomp)               5 = only ISO-Adobe without \textcurrency
(textcomp)               4 = 5 + \texteuro
(textcomp)               3 = 4 + \textohm
(textcomp)               2 = 3 + \textestimated + \textcurrency
(textcomp)               1 = TS1 - \textcircled - \t
(textcomp)               0 = TS1 (full)
(textcomp)             Font families with sub-encoding setting implement
(textcomp)             only a restricted character set as indicated.
(textcomp)             Family '?' is the default used for unknown fonts.
(textcomp)             See the documentation for details.
Package textcomp Info: Setting ? sub-encoding to TS1/1 on input line 71.

(/usr/share/texlive/texmf-dist/tex/latex/base/ts1enc.def
File: ts1enc.def 2001/06/05 v3.0e (jk/car/fm) Standard LaTeX file
Now handling font encoding TS1 ...
... processing UTF-8 mapping file for font encoding TS1

(/usr/share/texlive/texmf-dist/tex/latex/base/ts1enc.dfu
File: ts1enc.dfu 2008/04/05 v1.1m UTF-8 support for inputenc
   defining Unicode char U+00A2 (decimal 162)
   defining Unicode char U+00A3 (decimal 163)
   defining Unicode char U+00A4 (decimal 164)
   defining Unicode char U+00A5 (decimal 165)
   defining Unicode char U+00A6 (decimal 166)
   defining Unicode char U+00A7 (decimal 167)
   defining Unicode char U+00A8 (decimal 168)
   defining Unicode char U+00A9 (decimal 169)
   defining Unicode char U+00AA (decimal 170)
   defining Unicode char U+00AC (decimal 172)
   defining Unicode char U+00AE (decimal 174)
   defining Unicode char U+00AF (decimal 175)
   defining Unicode char U+00B0 (decimal 176)
   defining Unicode char U+00B1 (decimal 177)
   defining Unicode char U+00B2 (decimal 178)
   defining Unicode char U+00B3 (decimal 179)
   defining Unicode char U+00B4 (decimal 180)
   defining Unicode char U+00B5 (decimal 181)
   defining Unicode char U+00B6 (decimal 182)
   defining Unicode char U+00B7 (decimal 183)
   defining Unicode char U+00B9 (decimal 185)
   defining Unicode char U+00BA (decimal 186)
   defining Unicode char U+00BC (decimal 188)
   defining Unicode char U+00BD (decimal 189)
   defining Unicode char U+00BE (decimal 190)
   defining Unicode char U+00D7 (decimal 215)
   defining Unicode char U+00F7 (decimal 247)
   defining Unicode char U+0192 (decimal 402)
   defining Unicode char U+02C7 (decimal 711)
   defining Unicode char U+02D8 (decimal 728)
   defining Unicode char U+02DD (decimal 733)
   defining Unicode char U+0E3F (decimal 3647)
   defining Unicode char U+2016 (decimal 8214)
   defining Unicode char U+2020 (decimal 8224)
   defining Unicode char U+2021 (decimal 8225)
   defining Unicode char U+2022 (decimal 8226)
   defining Unicode char U+2030 (decimal 8240)
   defining Unicode char U+2031 (decimal 8241)
   defining Unicode char U+203B (decimal 8251)
   defining Unicode char U+203D (decimal 8253)
   defining Unicode char U+2044 (decimal 8260)
   defining Unicode char U+204E (decimal 8270)
   defining Unicode char U+2052 (decimal 8274)
   defining Unicode char U+20A1 (decimal 8353)
   defining Unicode char U+20A4 (decimal 8356)
   defining Unicode char U+20A6 (decimal 8358)
   defining Unicode char U+20A9 (decimal 8361)
   defining Unicode char U+20AB (decimal 8363)
   defining Unicode char U+20AC (decimal 8364)
   defining Unicode char U+20B1 (decimal 8369)
   defining Unicode char U+2103 (decimal 8451)
   defining Unicode char U+2116 (decimal 8470)
   defining Unicode char U+2117 (decimal 8471)
   defining Unicode char U+211E (decimal 8478)
   defining Unicode char U+2120 (decimal 8480)
   defining Unicode char U+2122 (decimal 8482)
   defining Unicode char U+2126 (decimal 8486)
   defining Unicode char U+2127 (decimal 8487)
   defining Unicode char U+212E (decimal 8494)
   defining Unicode char U+2190 (decimal 8592)
   defining Unicode char U+2191 (decimal 8593)
   defining Unicode char U+2192 (decimal 8594)
   defining Unicode char U+2193 (decimal 8595)
   defining Unicode char U+2329 (decimal 9001)
   defining Unicode char U+232A (decimal 9002)
   defining Unicode char U+2422 (decimal 9250)
   defining Unicode char U+25E6 (decimal 9702)
   defining Unicode char U+25EF (decimal 9711)
   defining Unicode char U+266A (decimal 9834)
))
LaTeX Info: Redefining \oldstylenums on input line 266.
Package textcomp Info: Setting cmr sub-encoding to TS1/0 on input line 281.
Package textcomp Info: Setting cmss sub-encoding to TS1/0 on input line 282.
Package textcomp Info: Setting cmtt sub-encoding to TS1/0 on input line 283.
Package textcomp Info: Setting cmvtt sub-encoding to TS1/0 on input line 284.
Package textcomp Info: Setting cmbr sub-encoding to TS1/0 on input line 285.
Package textcomp Info: Setting cmtl sub-encoding to TS1/0 on input line 286.
Package textcomp Info: Setting ccr sub-encoding to TS1/0 on input line 287.
Package textcomp Info: Setting ptm sub-encoding to TS1/4 on input line 288.
Package textcomp Info: Setting pcr sub-encoding to TS1/4 on input line 289.
Package textcomp Info: Setting phv sub-encoding to TS1/4 on input line 290.
Package textcomp Info: Setting ppl sub-encoding to TS1/3 on input line 291.
Package textcomp Info: Setting pag sub-encoding to TS1/4 on input line 292.
Package textcomp Info: Setting pbk sub-encoding to TS1/4 on input line 293.
Package textcomp Info: Setting pnc sub-encoding to TS1/4 on input line 294.
Package textcomp Info: Setting pzc sub-encoding to TS1/4 on input line 295.
Package textcomp Info: Setting bch sub-encoding to TS1/4 on input line 296.
Package textcomp Info: Setting put sub-encoding to TS1/5 on input line 297.
Package textcomp Info: Setting uag sub-encoding to TS1/5 on input line 298.
Package textcomp Info: Setting ugq sub-encoding to TS1/5 on input line 299.
Package textcomp Info: Setting ul8 sub-encoding to TS1/4 on input line 300.
Package textcomp Info: Setting ul9 sub-encoding to TS1/4 on input line 301.
Package textcomp Info: Setting augie sub-encoding to TS1/5 on input line 302.
Package textcomp Info: Setting dayrom sub-encoding to TS1/3 on input line 303.
Package textcomp Info: Setting dayroms sub-encoding to TS1/3 on input line 304.

Package textcomp Info: Setting pxr sub-encoding to TS1/0 on input line 305.
Package textcomp Info: Setting pxss sub-encoding to TS1/0 on input line 306.
Package textcomp Info: Setting pxtt sub-encoding to TS1/0 on input line 307.
Package textcomp Info: Setting txr sub-encoding to TS1/0 on input line 308.
Package textcomp Info: Setting txss sub-encoding to TS1/0 on input line 309.
Package textcomp Info: Setting txtt sub-encoding to TS1/0 on input line 310.
Package textcomp Info: Setting lmr sub-encoding to TS1/0 on input line 311.
Package textcomp Info: Setting lmdh sub-encoding to TS1/0 on input line 312.
Package textcomp Info: Setting lmss sub-encoding to TS1/0 on input line 313.
Package textcomp Info: Setting lmssq sub-encoding to TS1/0 on input line 314.
Package textcomp Info: Setting lmvtt sub-encoding to TS1/0 on input line 315.
Package textcomp Info: Setting qhv sub-encoding to TS1/0 on input line 316.
Package textcomp Info: Setting qag sub-encoding to TS1/0 on input line 317.
Package textcomp Info: Setting qbk sub-encoding to TS1/0 on input line 318.
Package textcomp Info: Setting qcr sub-encoding to TS1/0 on input line 319.
Package textcomp Info: Setting qcs sub-encoding to TS1/0 on input line 320.
Package textcomp Info: Setting qpl sub-encoding to TS1/0 on input line 321.
Package textcomp Info: Setting qtm sub-encoding to TS1/0 on input line 322.
Package textcomp Info: Setting qzc sub-encoding to TS1/0 on input line 323.
Package textcomp Info: Setting qhvc sub-encoding to TS1/0 on input line 324.
Package textcomp Info: Setting futs sub-encoding to TS1/4 on input line 325.
Package textcomp Info: Setting futx sub-encoding to TS1/4 on input line 326.
Package textcomp Info: Setting futj sub-encoding to TS1/4 on input line 327.
Package textcomp Info: Setting hlh sub-encoding to TS1/3 on input line 328.
Package textcomp Info: Setting hls sub-encoding to TS1/3 on input line 329.
Package textcomp Info: Setting hlst sub-encoding to TS1/3 on input line 330.
Package textcomp Info: Setting hlct sub-encoding to TS1/5 on input line 331.
Package textcomp Info: Setting hlx sub-encoding to TS1/5 on input line 332.
Package textcomp Info: Setting hlce sub-encoding to TS1/5 on input line 333.
Package textcomp Info: Setting hlcn sub-encoding to TS1/5 on input line 334.
Package textcomp Info: Setting hlcw sub-encoding to TS1/5 on input line 335.
Package textcomp Info: Setting hlcf sub-encoding to TS1/5 on input line 336.
Package textcomp Info: Setting pplx sub-encoding to TS1/3 on input line 337.
Package textcomp Info: Setting pplj sub-encoding to TS1/3 on input line 338.
Package textcomp Info: Setting ptmx sub-encoding to TS1/4 on input line 339.
Package textcomp Info: Setting ptmj sub-encoding to TS1/4 on input line 340.
)) (./RPU2013.aux)
\openout1 = `RPU2013.aux'.

LaTeX Font Info:    Checking defaults for OML/cmm/m/it on input line 129.
LaTeX Font Info:    ... okay on input line 129.
LaTeX Font Info:    Checking defaults for T1/cmr/m/n on input line 129.
LaTeX Font Info:    ... okay on input line 129.
LaTeX Font Info:    Checking defaults for OT1/cmr/m/n on input line 129.
LaTeX Font Info:    ... okay on input line 129.
LaTeX Font Info:    Checking defaults for OMS/cmsy/m/n on input line 129.
LaTeX Font Info:    ... okay on input line 129.
LaTeX Font Info:    Checking defaults for OMX/cmex/m/n on input line 129.
LaTeX Font Info:    ... okay on input line 129.
LaTeX Font Info:    Checking defaults for U/cmr/m/n on input line 129.
LaTeX Font Info:    ... okay on input line 129.
LaTeX Font Info:    Checking defaults for PD1/pdf/m/n on input line 129.
LaTeX Font Info:    ... okay on input line 129.
LaTeX Font Info:    Checking defaults for TS1/cmr/m/n on input line 129.
LaTeX Font Info:    Try loading font information for TS1+cmr on input line 129.


(/usr/share/texlive/texmf-dist/tex/latex/base/ts1cmr.fd
File: ts1cmr.fd 1999/05/25 v2.5h Standard LaTeX font definitions
)
LaTeX Font Info:    ... okay on input line 129.
LaTeX Font Info:    Try loading font information for T1+lmr on input line 129.

(/usr/share/texmf/tex/latex/lm/t1lmr.fd
File: t1lmr.fd 2009/10/30 v1.6 Font defs for Latin Modern
)
(/usr/share/texlive/texmf-dist/tex/context/base/supp-pdf.mkii
[Loading MPS to PDF converter (version 2006.09.02).]
\scratchcounter=\count154
\scratchdimen=\dimen178
\scratchbox=\box42
\nofMPsegments=\count155
\nofMParguments=\count156
\everyMPshowfont=\toks37
\MPscratchCnt=\count157
\MPscratchDim=\dimen179
\MPnumerator=\count158
\makeMPintoPDFobject=\count159
\everyMPtoPDFconversion=\toks38
) (/usr/share/texlive/texmf-dist/tex/latex/oberdiek/epstopdf-base.sty
Package: epstopdf-base 2010/02/09 v2.5 Base part for package epstopdf

(/usr/share/texlive/texmf-dist/tex/latex/oberdiek/grfext.sty
Package: grfext 2010/08/19 v1.1 Manage graphics extensions (HO)
)
Package grfext Info: Graphics extension search list:
(grfext)             [.png,.pdf,.jpg,.mps,.jpeg,.jbig2,.jb2,.PNG,.PDF,.JPG,.JPE
G,.JBIG2,.JB2,.eps]
(grfext)             \AppendGraphicsExtensions on input line 452.

(/usr/share/texlive/texmf-dist/tex/latex/latexconfig/epstopdf-sys.cfg
File: epstopdf-sys.cfg 2010/07/13 v1.3 Configuration of (r)epstopdf for TeX Liv
e
))
LaTeX Info: Redefining \degres on input line 129.
LaTeX Info: Redefining \dots on input line 129.
LaTeX Info: Redefining \up on input line 129.
\AtBeginShipoutBox=\box43
Package hyperref Info: Link coloring ON on input line 129.

(/usr/share/texlive/texmf-dist/tex/latex/hyperref/nameref.sty
Package: nameref 2010/04/30 v2.40 Cross-referencing by name of section

(/usr/share/texlive/texmf-dist/tex/generic/oberdiek/gettitlestring.sty
Package: gettitlestring 2010/12/03 v1.4 Cleanup title references (HO)
)
\c@section@level=\count160
)
LaTeX Info: Redefining \ref on input line 129.
LaTeX Info: Redefining \pageref on input line 129.
LaTeX Info: Redefining \nameref on input line 129.

(./RPU2013.out) (./RPU2013.out)
\@outlinefile=\write7
\openout7 = `RPU2013.out'.


*geometry* driver: auto-detecting
*geometry* detected driver: pdftex
*geometry* verbose mode - [ preamble ] result:
* driver: pdftex
* paper: <default>
* layout: <same size as paper>
* layoutoffset:(h,v)=(0.0pt,0.0pt)
* modes: twoside 
* h-part:(L,W,R)=(113.81102pt, 415.12572pt, 85.35826pt)
* v-part:(T,H,B)=(56.9055pt, 681.15898pt, 56.9055pt)
* \paperwidth=614.295pt
* \paperheight=794.96999pt
* \textwidth=415.12572pt
* \textheight=681.15898pt
* \oddsidemargin=41.54103pt
* \evensidemargin=13.08827pt
* \topmargin=-52.36449pt
* \headheight=12.0pt
* \headsep=25.0pt
* \topskip=12.0pt
* \footskip=30.0pt
* \marginparwidth=95.0pt
* \marginparsep=10.0pt
* \columnsep=10.0pt
* \skip\footins=10.8pt plus 4.0pt minus 2.0pt
* \hoffset=0.0pt
* \voffset=0.0pt
* \mag=1000
* \@twocolumnfalse
* \@twosidetrue
* \@mparswitchtrue
* \@reversemarginfalse
* (1in=72.27pt=25.4mm, 1cm=28.453pt)

ABD: EveryShipout initializing macros
LaTeX Font Info:    Try loading font information for OT1+lmr on input line 136.

 (/usr/share/texmf/tex/latex/lm/ot1lmr.fd
File: ot1lmr.fd 2009/10/30 v1.6 Font defs for Latin Modern
)
LaTeX Font Info:    Try loading font information for OML+lmm on input line 136.

(/usr/share/texmf/tex/latex/lm/omllmm.fd
File: omllmm.fd 2009/10/30 v1.6 Font defs for Latin Modern
)
LaTeX Font Info:    Try loading font information for OMS+lmsy on input line 136
.

(/usr/share/texmf/tex/latex/lm/omslmsy.fd
File: omslmsy.fd 2009/10/30 v1.6 Font defs for Latin Modern
)
LaTeX Font Info:    Try loading font information for OMX+lmex on input line 136
.

(/usr/share/texmf/tex/latex/lm/omxlmex.fd
File: omxlmex.fd 2009/10/30 v1.6 Font defs for Latin Modern
)
LaTeX Font Info:    External font `lmex10' loaded for size
(Font)              <14.4> on input line 136.
LaTeX Font Info:    External font `lmex10' loaded for size
(Font)              <10> on input line 136.
LaTeX Font Info:    External font `lmex10' loaded for size
(Font)              <7> on input line 136.
LaTeX Font Info:    Try loading font information for U+msa on input line 136.

(/usr/share/texlive/texmf-dist/tex/latex/amsfonts/umsa.fd
File: umsa.fd 2009/06/22 v3.00 AMS symbols A
)
LaTeX Font Info:    Try loading font information for U+msb on input line 136.

(/usr/share/texlive/texmf-dist/tex/latex/amsfonts/umsb.fd
File: umsb.fd 2009/06/22 v3.00 AMS symbols B
) [1



{/var/lib/texmf/fonts/map/pdftex/updmap/pdftex.map}]
LaTeX Font Info:    Try loading font information for T1+lmtt on input line 143.

 (/usr/share/texmf/tex/latex/lm/t1lmtt.fd
File: t1lmtt.fd 2009/10/30 v1.6 Font defs for Latin Modern
)

Package Fancyhdr Warning: \headheight is too small (12.0pt): 
 Make it at least 14.49998pt.
 We now make it that large for the rest of the document.
 This may cause the page layout to be inconsistent, however.

[2] (./RPU2013.toc
LaTeX Font Info:    External font `lmex10' loaded for size
(Font)              <12> on input line 6.
LaTeX Font Info:    External font `lmex10' loaded for size
(Font)              <8> on input line 6.
LaTeX Font Info:    External font `lmex10' loaded for size
(Font)              <6> on input line 6.
 [3

])
\tf@toc=\write8
\openout8 = `RPU2013.toc'.



Package Fancyhdr Warning: \headheight is too small (14.49998pt): 
 Make it at least 15.39603pt.
 We now make it that large for the rest of the document.
 This may cause the page layout to be inconsistent, however.

[4] (./RPU2013.lot)
\tf@lot=\write9
\openout9 = `RPU2013.lot'.

 [5

] (./RPU2013.lof)
\tf@lof=\write10
\openout10 = `RPU2013.lof'.

 [6

] [7

]
Chapitre 1.
[8

]
Chapitre 2.
LaTeX Font Info:    Try loading font information for TS1+lmr on input line 176.

(/usr/share/texmf/tex/latex/lm/ts1lmr.fd
File: ts1lmr.fd 2009/10/30 v1.6 Font defs for Latin Modern
)

Package xcolor Warning: Incompatible color definition on input line 193.

<figure/carte_secteurs_sanitaires.pdf, id=379, 505.89pt x 505.89pt>
File: figure/carte_secteurs_sanitaires.pdf Graphic file (type pdf)

<use figure/carte_secteurs_sanitaires.pdf>
Package pdftex.def Info: figure/carte_secteurs_sanitaires.pdf used on input lin
e 194.
(pdftex.def)             Requested size: 415.12572pt x 415.13351pt.

Overfull \hbox (17.62482pt too wide) in paragraph at lines 194--195
[][] 
 []


Underfull \vbox (badness 10000) has occurred while \output is active []

 [9

]
<../figure/zone_proximite.png, id=389, 505.89pt x 505.89pt>
File: ../figure/zone_proximite.png Graphic file (type png)

<use ../figure/zone_proximite.png>
Package pdftex.def Info: ../figure/zone_proximite.png used on input line 223.
(pdftex.def)             Requested size: 426.7973pt x 426.79134pt.

Overfull \hbox (11.67159pt too wide) in paragraph at lines 223--225
 [][] 
 []

[10 <./figure/carte_secteurs_sanitaires.pdf>]

LaTeX Warning: Reference `Population_municipale' on page 11 undefined on input 
line 233.

[11 <../figure/zone_proximite.png>]
<../figure/75ans.png, id=422, 505.89pt x 505.89pt>
File: ../figure/75ans.png Graphic file (type png)
 <use ../figure/75ans.png>
Package pdftex.def Info: ../figure/75ans.png used on input line 267.
(pdftex.def)             Requested size: 426.7973pt x 426.79134pt.

Overfull \hbox (11.67159pt too wide) in paragraph at lines 267--269
 [][] 
 []


Package xcolor Warning: Incompatible color definition on input line 282.

<figure/carte_sau_2.pdf, id=423, 505.89pt x 505.89pt>
File: figure/carte_sau_2.pdf Graphic file (type pdf)

<use figure/carte_sau_2.pdf>
Package pdftex.def Info: figure/carte_sau_2.pdf used on input line 283.
(pdftex.def)             Requested size: 415.12572pt x 415.13351pt.

Overfull \hbox (76.26799pt too wide) in paragraph at lines 295--316
 [] 
 []

[12] [13 <../figure/75ans.png>] [14 <./figure/carte_sau_2.pdf>]
Chapitre 3.

Overfull \hbox (5.16454pt too wide) in paragraph at lines 345--363
 [][] 
 []


Underfull \vbox (badness 2772) has occurred while \output is active []

 [15

]
[16]
Chapitre 4.
[17

]
Chapitre 5.
[18

]
Chapitre 6.
LaTeX Font Info:    Font shape `T1/lmtt/bx/n' in size <12> not available
(Font)              Font shape `T1/lmtt/b/n' tried instead on input line 476.

Package xcolor Warning: Incompatible color definition on input line 476.


Package xcolor Warning: Incompatible color definition on input line 478.


Package xcolor Warning: Incompatible color definition on input line 480.


Package xcolor Warning: Incompatible color definition on input line 482.

[19

] [20] [21

]
Chapitre 7.

Package xcolor Warning: Incompatible color definition on input line 548.

<figure/activite_plot.pdf, id=519, 505.89pt x 505.89pt>
File: figure/activite_plot.pdf Graphic file (type pdf)

<use figure/activite_plot.pdf>
Package pdftex.def Info: figure/activite_plot.pdf used on input line 549.
(pdftex.def)             Requested size: 415.12572pt x 415.13351pt.

Overfull \hbox (17.62482pt too wide) in paragraph at lines 549--550
[][] 
 []


Package xcolor Warning: Incompatible color definition on input line 555.

<figure/activite_plot2.pdf, id=520, 505.89pt x 505.89pt>
Underfull \vbox (badness 10000) has occurred while \output is active []

 [22

]
File: figure/activite_plot2.pdf Graphic file (type pdf)

<use figure/activite_plot2.pdf>
Package pdftex.def Info: figure/activite_plot2.pdf used on input line 556.
(pdftex.def)             Requested size: 415.12572pt x 415.13351pt.

Overfull \hbox (17.62482pt too wide) in paragraph at lines 556--557
[][] 
 []


Underfull \vbox (badness 10000) has occurred while \output is active []

 [23 <./figure/activite_plot.pdf>]

Package xcolor Warning: Incompatible color definition on input line 563.


Overfull \hbox (41.82451pt too wide) in paragraph at lines 567--567
[]\T1/lmtt/m/n/12 ##   3Fr   Alk   Col   Dia   Geb   Hag   Hus   Mul   Odi   Se
l   Wis   Sav[] 
 []


Overfull \hbox (41.76147pt too wide) in paragraph at lines 567--567
[]\T1/lmtt/m/n/12 ## 10752  4552 44271 19699 10207 23542 25498 36619 17327 1850
2  8521  2861[] 
 []


Package xcolor Warning: Incompatible color definition on input line 574.


Overfull \hbox (41.82451pt too wide) in paragraph at lines 578--578
[]\T1/lmtt/m/n/12 ##   3Fr   Alk   Col   Dia   Geb   Hag   Hus   Mul   Odi   Se
l   Wis   Sav[] 
 []


Overfull \hbox (41.76848pt too wide) in paragraph at lines 578--578
[]\T1/lmtt/m/n/12 ##  4.84  2.05 19.91  8.86  4.59 10.59 11.47 16.47  7.79  8.3
2  3.83  1.29[] 
 []


Package xcolor Warning: Incompatible color definition on input line 585.

[24 <./figure/activite_plot2.pdf>]

Package xcolor Warning: Incompatible color definition on input line 599.


Overfull \hbox (41.82451pt too wide) in paragraph at lines 608--608
[]\T1/lmtt/m/n/12 ##   Jan   Feb   Mar   Apr   May   Jun   Jul   Aug   Sep   Oc
t   Nov   Dec[] 
 []


Overfull \hbox (41.78249pt too wide) in paragraph at lines 608--608
[]\T1/lmtt/m/n/12 ## 25609 25004 26937 28428 27899 30038 30103 28333     0     
0     0     0[] 
 []


Overfull \hbox (135.94937pt too wide) in paragraph at lines 610--610
[][]\T1/lmtt/b/n/12 barplot[]\T1/lmtt/m/n/12 ([]\T1/lmtt/b/n/12 table[]\T1/lmtt
/m/n/12 (m), ylab = []"nombre"[], xlab = []"mois"[], main = []"2013 - Nombre de
 RPU par mois"[],[] 
 []


Overfull \hbox (78.99951pt too wide) in paragraph at lines 611--611
[]    \T1/lmtt/m/n/12 names.arg = []\T1/lmtt/b/n/12 c[]\T1/lmtt/m/n/12 ([]"Jan"
[], []"Fev"[], []"Mar"[], []"Avr"[], []"Mai"[], []"Jui"[], []"Jul"[], []"Aou"[]
, []"Sep"[],[] 
 []

<figure/parmois.pdf, id=551, 505.89pt x 505.89pt>
File: figure/parmois.pdf Graphic file (type pdf)
 <use figure/parmois.pdf>
Package pdftex.def Info: figure/parmois.pdf used on input line 615.
(pdftex.def)             Requested size: 415.12572pt x 415.13351pt.

Overfull \hbox (17.62482pt too wide) in paragraph at lines 615--616
[][] 
 []


Underfull \vbox (badness 10000) has occurred while \output is active []

 [25]
Overfull \hbox (845.24768pt too wide) in paragraph at lines 674--681
 [][] 
 []

<figure/act_sem.pdf, id=563, 505.89pt x 505.89pt>
File: figure/act_sem.pdf Graphic file (type pdf)
 <use figure/act_sem.pdf>
Package pdftex.def Info: figure/act_sem.pdf used on input line 685.
(pdftex.def)             Requested size: 415.12572pt x 415.13351pt.

Overfull \hbox (17.62482pt too wide) in paragraph at lines 685--686
[][] 
 []


Underfull \vbox (badness 10000) has occurred while \output is active []

 [26 <./figure/parmois.pdf>]

Package xcolor Warning: Incompatible color definition on input line 691.


Overfull \hbox (86.67433pt too wide) in paragraph at lines 702--702
[][]\T1/lmtt/b/n/12 barplot[]\T1/lmtt/m/n/12 ([]\T1/lmtt/b/n/12 table[]\T1/lmtt
/m/n/12 (m), names.arg = []\T1/lmtt/b/n/12 c[]\T1/lmtt/m/n/12 ([]"Dim"[], []"Lu
n"[], []"Mar"[], []"Mer"[], []"Jeu"[], []"Ven"[], []"Sam"[]))[] 
 []

<figure/activite_semaine.pdf, id=574, 505.89pt x 505.89pt>
File: figure/activite_semaine.pdf Graphic file (type pdf)

<use figure/activite_semaine.pdf>
Package pdftex.def Info: figure/activite_semaine.pdf used on input line 705.
(pdftex.def)             Requested size: 415.12572pt x 415.13351pt.

Overfull \hbox (17.62482pt too wide) in paragraph at lines 705--706
[][] 
 []


Underfull \vbox (badness 10000) has occurred while \output is active []

 [27 <./figure/act_sem.pdf>]

Package xcolor Warning: Incompatible color definition on input line 712.

<figure/activite_heure.pdf, id=587, 505.89pt x 505.89pt>
File: figure/activite_heure.pdf Graphic file (type pdf)

<use figure/activite_heure.pdf>
Package pdftex.def Info: figure/activite_heure.pdf used on input line 713.
(pdftex.def)             Requested size: 415.12572pt x 415.13351pt.

Overfull \hbox (17.62482pt too wide) in paragraph at lines 713--714
[][] 
 []


Underfull \vbox (badness 10000) has occurred while \output is active []

 [28 <./figure/activite_semaine.pdf>] [29 <./figure/activite_heure.pdf>] (../bl
ah.gen
LaTeX Font Info:    External font `lmex10' loaded for size
(Font)              <5> on input line 6.
)

Package xcolor Warning: Incompatible color definition on input line 753.

<figure/test23.pdf, id=614, 505.89pt x 361.35pt>
File: figure/test23.pdf Graphic file (type pdf)
 <use figure/test23.pdf>
Package pdftex.def Info: figure/test23.pdf used on input line 754.
(pdftex.def)             Requested size: 415.12572pt x 296.52396pt.


Package xcolor Warning: Incompatible color definition on input line 767.

<figure/test25.pdf, id=615, 505.89pt x 722.7pt>
File: figure/test25.pdf Graphic file (type pdf)
 <use figure/test25.pdf>
Package pdftex.def Info: figure/test25.pdf used on input line 768.
(pdftex.def)             Requested size: 415.12572pt x 593.0479pt.


Package xcolor Warning: Incompatible color definition on input line 781.

<figure/test2.pdf, id=616, 505.89pt x 361.35pt>
File: figure/test2.pdf Graphic file (type pdf)
 <use figure/test2.pdf>
Package pdftex.def Info: figure/test2.pdf used on input line 782.
(pdftex.def)             Requested size: 415.12572pt x 296.52396pt.


Package xcolor Warning: Incompatible color definition on input line 795.

<figure/test22.pdf, id=617, 505.89pt x 361.35pt>
File: figure/test22.pdf Graphic file (type pdf)
 <use figure/test22.pdf>
Package pdftex.def Info: figure/test22.pdf used on input line 796.
(pdftex.def)             Requested size: 415.12572pt x 296.52396pt.

[30 <./figure/test23.pdf>] [31 <./figure/test25.pdf>] [32 <./figure/test2.pdf>]
[33] [34 <./figure/test22.pdf>]
Chapitre 8.

Overfull \hbox (61.2989pt too wide) in paragraph at lines 825--832
 [][] 
 []

<figure/motifss1.pdf, id=666, 505.89pt x 505.89pt>
File: figure/motifss1.pdf Graphic file (type pdf)
 <use figure/motifss1.pdf>
Package pdftex.def Info: figure/motifss1.pdf used on input line 836.
(pdftex.def)             Requested size: 415.12572pt x 415.13351pt.

Overfull \hbox (17.62482pt too wide) in paragraph at lines 836--837
[][] 
 []

<figure/motifss2.pdf, id=667, 505.89pt x 505.89pt>
Underfull \vbox (badness 10000) has occurred while \output is active []

 [35

]
File: figure/motifss2.pdf Graphic file (type pdf)

<use figure/motifss2.pdf>
Package pdftex.def Info: figure/motifss2.pdf used on input line 838.
(pdftex.def)             Requested size: 415.12572pt x 415.13351pt.

Overfull \hbox (17.62482pt too wide) in paragraph at lines 838--839
[][] 
 []


Underfull \vbox (badness 10000) has occurred while \output is active []

 [36 <./figure/motifss1.pdf>]
Overfull \hbox (2.78186pt too wide) in paragraph at lines 847--848
[]\T1/lmr/m/n/12 Cependant seuls quelques tab-lisse-ments sai-sis-sent cette i
n-for-ma-tion sous forme
 []


Overfull \hbox (7.18674pt too wide) in paragraph at lines 860--861
[]\T1/lmr/m/n/12 Donnes ren-seignes, ex-ploita-bles mais  met-tre en con-for
-mit avec le thsaurus : 
 []

[37 <./figure/motifss2.pdf>]
Chapitre 9.
<figure/mode_entree.pdf, id=697, 505.89pt x 505.89pt>
File: figure/mode_entree.pdf Graphic file (type pdf)

<use figure/mode_entree.pdf>
Package pdftex.def Info: figure/mode_entree.pdf used on input line 881.
(pdftex.def)             Requested size: 415.12572pt x 415.13351pt.

Overfull \hbox (17.62482pt too wide) in paragraph at lines 881--900
[][]
 []


Underfull \vbox (badness 10000) has occurred while \output is active []

 [38

]
[39 <./figure/mode_entree.pdf>]
<figure/transport.pdf, id=715, 505.89pt x 505.89pt>
File: figure/transport.pdf Graphic file (type pdf)
 <use figure/transport.pdf>
Package pdftex.def Info: figure/transport.pdf used on input line 911.
(pdftex.def)             Requested size: 415.12572pt x 415.13351pt.

Overfull \hbox (17.62482pt too wide) in paragraph at lines 911--933
[][]
 []

[40 <./figure/transport.pdf>] [41]
Chapitre 10.

Package xcolor Warning: Incompatible color definition on input line 958.


Package xcolor Warning: Incompatible color definition on input line 961.

LaTeX Font Info:    Try loading font information for TS1+lmtt on input line 964
.
(/usr/share/texmf/tex/latex/lm/ts1lmtt.fd
File: ts1lmtt.fd 2009/10/30 v1.6 Font defs for Latin Modern
)
<figure/passage.pdf, id=731, 505.89pt x 505.89pt>
File: figure/passage.pdf Graphic file (type pdf)
 <use figure/passage.pdf>
Package pdftex.def Info: figure/passage.pdf used on input line 966.
(pdftex.def)             Requested size: 415.12572pt x 415.13351pt.

Overfull \hbox (17.62482pt too wide) in paragraph at lines 966--967
[][] 
 []


Underfull \vbox (badness 10000) has occurred while \output is active []

 [42

]

Package xcolor Warning: Incompatible color definition on input line 984.

<figure/duree_heure1.pdf, id=737, 505.89pt x 505.89pt>
File: figure/duree_heure1.pdf Graphic file (type pdf)

<use figure/duree_heure1.pdf>
Package pdftex.def Info: figure/duree_heure1.pdf used on input line 990.
(pdftex.def)             Requested size: 415.12572pt x 415.13351pt.

Overfull \hbox (17.62482pt too wide) in paragraph at lines 990--991
[][] 
 []


Underfull \vbox (badness 8151) has occurred while \output is active []

 [43 <./figure/passage.pdf>] <figure/duree_heure2.pdf, id=753, 505.89pt x 505.8
9pt>
File: figure/duree_heure2.pdf Graphic file (type pdf)

<use figure/duree_heure2.pdf>
Package pdftex.def Info: figure/duree_heure2.pdf used on input line 996.
(pdftex.def)             Requested size: 415.12572pt x 415.13351pt.

Overfull \hbox (17.62482pt too wide) in paragraph at lines 996--997
[][] 
 []


Underfull \vbox (badness 10000) has occurred while \output is active []

 [44 <./figure/duree_heure1.pdf>]

Package xcolor Warning: Incompatible color definition on input line 1006.

<figure/duree_age.pdf, id=764, 505.89pt x 505.89pt>
File: figure/duree_age.pdf Graphic file (type pdf)
 <use figure/duree_age.pdf>
Package pdftex.def Info: figure/duree_age.pdf used on input line 1014.
(pdftex.def)             Requested size: 415.12572pt x 415.13351pt.

Overfull \hbox (17.62482pt too wide) in paragraph at lines 1014--1015
[][] 
 []


Underfull \vbox (badness 10000) has occurred while \output is active []

 [45 <./figure/duree_heure2.pdf>]

Package xcolor Warning: Incompatible color definition on input line 1021.


Package xcolor Warning: Incompatible color definition on input line 1043.

[46 <./figure/duree_age.pdf>]
Overfull \hbox (41.82451pt too wide) in paragraph at lines 1051--1051
[]\T1/lmtt/m/n/12 ##  CHIR FUGUE   HDT    HO   MED  OBST   PSA   REA   REO    S
C  SCAM    SI[] 
 []


Overfull \hbox (41.76848pt too wide) in paragraph at lines 1051--1051
[]\T1/lmtt/m/n/12 ## 186.9 114.5    NA    NA 226.4 164.1 177.3 196.9    NA 280.
0 158.3 193.2[] 
 []


Package xcolor Warning: Incompatible color definition on input line 1059.


Package hyperref Warning: Difference (2) between bookmark levels is greater 
(hyperref)                than one, level fixed on input line 1069.


Package xcolor Warning: Incompatible color definition on input line 1071.

[47]
Chapitre 11.

Overfull \hbox (1.66063pt too wide) in paragraph at lines 1099--1100
[]\T1/lmr/m/n/12 Ventilation des di-ag-nos-tics prin-ci-paux en fonc-tion des 2
2 chapitres de la CIM10.
 []


Underfull \hbox (badness 10000) in paragraph at lines 1112--1112
[]|\T1/lmr/m/n/12 Certaines mal-adies
 []


Underfull \hbox (badness 2538) in paragraph at lines 1112--1112
\T1/lmr/m/n/12 in-fec-tieuses et par-a-
 []


Underfull \hbox (badness 10000) in paragraph at lines 1115--1115
[]|\T1/lmr/m/n/12 Maladies du sang
 []


Underfull \hbox (badness 4981) in paragraph at lines 1115--1115
\T1/lmr/m/n/12 et des or-ganes h-
 []


Underfull \hbox (badness 10000) in paragraph at lines 1115--1115
\T1/lmr/m/n/12 matopo-tiques et
 []


Underfull \hbox (badness 2762) in paragraph at lines 1115--1115
\T1/lmr/m/n/12 cer-tains trou-bles du
 []


Underfull \hbox (badness 10000) in paragraph at lines 1117--1117
[]|\T1/lmr/m/n/12 Maladies en-docrini-
 []


Underfull \hbox (badness 1648) in paragraph at lines 1117--1117
\T1/lmr/m/n/12 ennes, nu-tri-tion-nelles
 []


Underfull \hbox (badness 2582) in paragraph at lines 1125--1125
[]|\T1/lmr/m/n/12 Maladies de l'or-eille
 []


Underfull \hbox (badness 10000) in paragraph at lines 1135--1135
\T1/lmr/m/n/12 os-toar-tic-u-laire, des
 []


Underfull \hbox (badness 2253) in paragraph at lines 1135--1135
\T1/lmr/m/n/12 mus-cles et du tissu
 []


Underfull \hbox (badness 10000) in paragraph at lines 1139--1139
[]|\T1/lmr/m/n/12 Grossesse, ac-couche-
 []


Underfull \hbox (badness 10000) in paragraph at lines 1141--1141
[]|\T1/lmr/m/n/12 Certaines af-fec-tions
 []


Underfull \hbox (badness 10000) in paragraph at lines 1141--1141
\T1/lmr/m/n/12 dont l'o-rig-ine se
 []


Underfull \hbox (badness 10000) in paragraph at lines 1145--1145
\T1/lmr/m/n/12 r-sul-tats anor-maux
 []


Underfull \hbox (badness 10000) in paragraph at lines 1145--1145
\T1/lmr/m/n/12 d'ex-a-m-ens clin-iques
 []


Underfull \hbox (badness 10000) in paragraph at lines 1147--1147
\T1/lmr/m/n/12 em-poi-son-nements et
 []


Underfull \hbox (badness 3396) in paragraph at lines 1147--1147
\T1/lmr/m/n/12 squences de causes
 []


Underfull \hbox (badness 7704) in paragraph at lines 1149--1149
[]|\T1/lmr/m/n/12 Causes ex-ternes de
 []


Overfull \hbox (10.43675pt too wide) in alignment at lines 1107--1150
 [] [] [] [] [] [] 
 []


Underfull \vbox (badness 10000) detected at line 1150
 []


Underfull \hbox (badness 10000) in paragraph at lines 1153--1153
[]|\T1/lmr/m/n/12 Codes d'u-til-i-sa-tion
 []


Overfull \hbox (10.43675pt too wide) in alignment at lines 1150--1156
 [] [] [] [] [] [] 
 []

[48

]

Package xcolor Warning: Incompatible color definition on input line 1161.

<figure/class_cim10.pdf, id=805, 505.89pt x 505.89pt>
File: figure/class_cim10.pdf Graphic file (type pdf)

<use figure/class_cim10.pdf>
Package pdftex.def Info: figure/class_cim10.pdf used on input line 1162.
(pdftex.def)             Requested size: 415.12572pt x 415.13351pt.

Overfull \hbox (17.62482pt too wide) in paragraph at lines 1162--1163
[][] 
 []


Underfull \vbox (badness 6708) has occurred while \output is active []

 [49]
[50 <./figure/class_cim10.pdf>]
Overfull \hbox (148.95003pt too wide) in alignment at lines 1209--1232
 [] [] 
 []


Underfull \vbox (badness 10000) detected at line 1232
 []


Overfull \hbox (148.95003pt too wide) in alignment at lines 1232--1252
 [] [] 
 []


Overfull \hbox (148.95003pt too wide) in alignment at lines 1252--1262
 [] [] 
 []

[51]

Package xcolor Warning: Incompatible color definition on input line 1265.


Overfull \hbox (67.27443pt too wide) in paragraph at lines 1268--1268
[]\T1/lmtt/m/n/12 dpr <- d1[![]\T1/lmtt/b/n/12 is.na[]\T1/lmtt/m/n/12 (d1$DP), 
[]\T1/lmtt/b/n/12 c[]\T1/lmtt/m/n/12 ([]"DP"[], []"CODE_POSTAL"[], []"ENTREE"[]
, []"FINESS"[], []"GRAVITE"[],[] 
 []


Overfull \hbox (130.51027pt too wide) in paragraph at lines 1279--1279
[]\T1/lmtt/m/n/12 AVC <- dpr[[]\T1/lmtt/b/n/12 substr[]\T1/lmtt/m/n/12 (dpr$DP,
 1, 3) >= []"I60"[] & []\T1/lmtt/b/n/12 substr[]\T1/lmtt/m/n/12 (dpr$DP, 1, 3) 
< []"I65"[] | []\T1/lmtt/b/n/12 substr[]\T1/lmtt/m/n/12 (dpr$DP,[] 
 []

[52]

Package xcolor Warning: Incompatible color definition on input line 1296.

<figure/heure_avc1.pdf, id=834, 505.89pt x 505.89pt>
File: figure/heure_avc1.pdf Graphic file (type pdf)

<use figure/heure_avc1.pdf>
Package pdftex.def Info: figure/heure_avc1.pdf used on input line 1297.
(pdftex.def)             Requested size: 415.12572pt x 415.13351pt.

Overfull \hbox (17.62482pt too wide) in paragraph at lines 1297--1298
[][] 
 []

<figure/heure_avc2.pdf, id=835, 505.89pt x 505.89pt>
File: figure/heure_avc2.pdf Graphic file (type pdf)

<use figure/heure_avc2.pdf>
Package pdftex.def Info: figure/heure_avc2.pdf used on input line 1299.
(pdftex.def)             Requested size: 415.12572pt x 415.13351pt.

Overfull \hbox (17.62482pt too wide) in paragraph at lines 1299--1300
[][] 
 []


Underfull \vbox (badness 10000) has occurred while \output is active []

 [53 <./figure/heure_avc1.pdf>] [54 <./figure/heure_avc2.pdf>]

Package xcolor Warning: Incompatible color definition on input line 1337.

<figure/avc_jour_semaine.pdf, id=856, 505.89pt x 505.89pt>
File: figure/avc_jour_semaine.pdf Graphic file (type pdf)

<use figure/avc_jour_semaine.pdf>
Package pdftex.def Info: figure/avc_jour_semaine.pdf used on input line 1347.
(pdftex.def)             Requested size: 415.12572pt x 415.13351pt.

Overfull \hbox (17.62482pt too wide) in paragraph at lines 1347--1348
[][] 
 []


Underfull \vbox (badness 10000) has occurred while \output is active []

 [55]

Package xcolor Warning: Incompatible color definition on input line 1356.


Package xcolor Warning: Incompatible color definition on input line 1369.

<figure/avc_sexe1.pdf, id=863, 505.89pt x 505.89pt>
File: figure/avc_sexe1.pdf Graphic file (type pdf)
 <use figure/avc_sexe1.pdf>
Package pdftex.def Info: figure/avc_sexe1.pdf used on input line 1375.
(pdftex.def)             Requested size: 415.12572pt x 415.13351pt.

Overfull \hbox (17.62482pt too wide) in paragraph at lines 1375--1376
[][] 
 []

<figure/avc_sexe2.pdf, id=864, 505.89pt x 505.89pt> [56 <./figure/avc_jour_sema
ine.pdf>]
File: figure/avc_sexe2.pdf Graphic file (type pdf)
 <use figure/avc_sexe2.pdf>
Package pdftex.def Info: figure/avc_sexe2.pdf used on input line 1377.
(pdftex.def)             Requested size: 415.12572pt x 415.13351pt.

Overfull \hbox (17.62482pt too wide) in paragraph at lines 1377--1378
[][] 
 []

<figure/avc_sexe3.pdf, id=877, 505.89pt x 505.89pt>
Underfull \vbox (badness 10000) has occurred while \output is active []

 [57 <./figure/avc_sexe1.pdf>]
File: figure/avc_sexe3.pdf Graphic file (type pdf)
 <use figure/avc_sexe3.pdf>
Package pdftex.def Info: figure/avc_sexe3.pdf used on input line 1379.
(pdftex.def)             Requested size: 415.12572pt x 415.13351pt.

Overfull \hbox (17.62482pt too wide) in paragraph at lines 1379--1380
[][] 
 []

<figure/avc_sexe4.pdf, id=888, 505.89pt x 505.89pt>
Underfull \vbox (badness 10000) has occurred while \output is active []

 [58 <./figure/avc_sexe2.pdf>]
File: figure/avc_sexe4.pdf Graphic file (type pdf)
 <use figure/avc_sexe4.pdf>
Package pdftex.def Info: figure/avc_sexe4.pdf used on input line 1381.
(pdftex.def)             Requested size: 415.12572pt x 415.13351pt.

Overfull \hbox (17.62482pt too wide) in paragraph at lines 1381--1382
[][] 
 []


Underfull \vbox (badness 10000) has occurred while \output is active []

 [59 <./figure/avc_sexe3.pdf>]
Overfull \hbox (103.32106pt too wide) in alignment at lines 1391--1402
 [] [] 
 []


Underfull \vbox (badness 10000) detected at line 1402
 []


Package xcolor Warning: Incompatible color definition on input line 1408.

<figure/ait.pdf, id=910, 505.89pt x 505.89pt>
File: figure/ait.pdf Graphic file (type pdf)
 <use figure/ait.pdf>
Package pdftex.def Info: figure/ait.pdf used on input line 1409.
(pdftex.def)             Requested size: 415.12572pt x 415.13351pt.

Overfull \hbox (17.62482pt too wide) in paragraph at lines 1409--1410
[][] 
 []


Underfull \vbox (badness 10000) has occurred while \output is active []

 [60 <./figure/avc_sexe4.pdf>]

Package xcolor Warning: Incompatible color definition on input line 1429.

[61 <./figure/ait.pdf>]

Package xcolor Warning: Incompatible color definition on input line 1445.

<figure/pneumo.pdf, id=933, 505.89pt x 505.89pt>
File: figure/pneumo.pdf Graphic file (type pdf)
 <use figure/pneumo.pdf>
Package pdftex.def Info: figure/pneumo.pdf used on input line 1446.
(pdftex.def)             Requested size: 415.12572pt x 415.13351pt.

Overfull \hbox (17.62482pt too wide) in paragraph at lines 1446--1447
[][] 
 []


Package xcolor Warning: Incompatible color definition on input line 1453.


Package xcolor Warning: Incompatible color definition on input line 1464.


Package xcolor Warning: Incompatible color definition on input line 1474.


Overfull \hbox (41.82451pt too wide) in paragraph at lines 1480--1480
[]\T1/lmtt/m/n/12 ##  CHIR FUGUE   HDT    HO   MED  OBST   PSA   REA   REO    S
C  SCAM    SI[] 
 []


Overfull \hbox (41.8175pt too wide) in paragraph at lines 1480--1480
[]\T1/lmtt/m/n/12 ##    10     0     0     0   189     0     0     4     0     
4     0     2[] 
 []

[62 <./figure/pneumo.pdf>]

Package xcolor Warning: Incompatible color definition on input line 1491.

<figure/grippe.pdf, id=944, 505.89pt x 505.89pt>
File: figure/grippe.pdf Graphic file (type pdf)
 <use figure/grippe.pdf>
Package pdftex.def Info: figure/grippe.pdf used on input line 1492.
(pdftex.def)             Requested size: 415.12572pt x 415.13351pt.

Overfull \hbox (17.62482pt too wide) in paragraph at lines 1492--1493
[][] 
 []


Package xcolor Warning: Incompatible color definition on input line 1501.

<figure/malaises.pdf, id=945, 505.89pt x 505.89pt>
File: figure/malaises.pdf Graphic file (type pdf)
 <use figure/malaises.pdf>
Package pdftex.def Info: figure/malaises.pdf used on input line 1502.
(pdftex.def)             Requested size: 415.12572pt x 415.13351pt.

Overfull \hbox (17.62482pt too wide) in paragraph at lines 1502--1503
[][] 
 []


Underfull \vbox (badness 10000) has occurred while \output is active []

 [63 <./figure/grippe.pdf>]

Package xcolor Warning: Incompatible color definition on input line 1509.

<figure/malaises_invs1.pdf, id=956, 505.89pt x 505.89pt>
File: figure/malaises_invs1.pdf Graphic file (type pdf)

<use figure/malaises_invs1.pdf>
Package pdftex.def Info: figure/malaises_invs1.pdf used on input line 1510.
(pdftex.def)             Requested size: 415.12572pt x 415.13351pt.

Overfull \hbox (178.65851pt too wide) in paragraph at lines 1507--1511
[]\T1/lmr/m/n/12 malaise selon INVS (canicule) :  [][] 
 []

<figure/malaises_invs2.pdf, id=957, 505.89pt x 505.89pt>
Underfull \vbox (badness 10000) has occurred while \output is active []

 [64 <./figure/malaises.pdf>]
File: figure/malaises_invs2.pdf Graphic file (type pdf)
 <use figure/malaises_invs2.pdf>
Package pdftex.def Info: figure/malaises_invs2.pdf used on input line 1512.
(pdftex.def)             Requested size: 415.12572pt x 415.13351pt.

Overfull \hbox (17.62482pt too wide) in paragraph at lines 1512--1513
[][] 
 []


Underfull \vbox (badness 10000) has occurred while \output is active []

 [65 <./figure/malaises_invs1.pdf>]

Package xcolor Warning: Incompatible color definition on input line 1526.

<figure/canicule1.pdf, id=979, 505.89pt x 505.89pt>
File: figure/canicule1.pdf Graphic file (type pdf)
 <use figure/canicule1.pdf>
Package pdftex.def Info: figure/canicule1.pdf used on input line 1527.
(pdftex.def)             Requested size: 415.12572pt x 415.13351pt.

Overfull \hbox (17.62482pt too wide) in paragraph at lines 1527--1528
[][] 
 []

<figure/canicule2.pdf, id=980, 505.89pt x 505.89pt>
Underfull \vbox (badness 10000) has occurred while \output is active []

 [66 <./figure/malaises_invs2.pdf>]
File: figure/canicule2.pdf Graphic file (type pdf)
 <use figure/canicule2.pdf>
Package pdftex.def Info: figure/canicule2.pdf used on input line 1529.
(pdftex.def)             Requested size: 415.12572pt x 415.13351pt.

Overfull \hbox (17.62482pt too wide) in paragraph at lines 1529--1530
[][] 
 []


Underfull \vbox (badness 10000) has occurred while \output is active []

 [67 <./figure/canicule1.pdf>] <figure/canicule3.pdf, id=1002, 505.89pt x 505.8
9pt>
File: figure/canicule3.pdf Graphic file (type pdf)

<use figure/canicule3.pdf>
Package pdftex.def Info: figure/canicule3.pdf used on input line 1543.
(pdftex.def)             Requested size: 415.12572pt x 415.13351pt.

Overfull \hbox (17.62482pt too wide) in paragraph at lines 1543--1544
[][] 
 []


Underfull \vbox (badness 10000) has occurred while \output is active []

 [68 <./figure/canicule2.pdf>] [69 <./figure/canicule3.pdf>]
Chapitre 12.

Package pdftex.def Warning: Option `bb' does not make sense,
(pdftex.def)                using `viewport' instead on input line 1570.


LaTeX Warning: File `figure/Mode de SORTIE.png' not found on input line 1570.

<figure/Mode de SORTIE.png, id=1023, 671.50874pt x 438.63875pt>
File: figure/Mode de SORTIE.png Graphic file (type png)

<use figure/Mode de SORTIE.png>
Package pdftex.def Info: figure/Mode de SORTIE.png used on input line 1570.
(pdftex.def)             Requested size: 256.06804pt x 199.17314pt.
 [70

 <./figure/Mode de SORTIE.png (PNG copy)>]

Package xcolor Warning: Incompatible color definition on input line 1646.


Overfull \hbox (29.4745pt too wide) in paragraph at lines 1657--1657
[]\T1/lmtt/m/n/12 ##   CHIR  FUGUE    HDT     HO    MED   OBST    PSA    REA   
 REO     SC[] 
 []


Overfull \hbox (29.41147pt too wide) in paragraph at lines 1657--1657
[]\T1/lmtt/m/n/12 ##   4989    172     89     21  11231     64   2058    664   
 967    898[] 
 []


Overfull \hbox (29.4745pt too wide) in paragraph at lines 1668--1668
[]\T1/lmtt/m/n/12 ##   CHIR  FUGUE    HDT     HO    MED   OBST    PSA    REA   
 REO     SC[] 
 []


Overfull \hbox (29.41147pt too wide) in paragraph at lines 1668--1668
[]\T1/lmtt/m/n/12 ##   4989    172     89     21  11231     64   2058    664   
 967    898[] 
 []

[71]

LaTeX Warning: Reference `sortie:erreurs' on page 72 undefined on input line 17
33.


Package xcolor Warning: Incompatible color definition on input line 1736.

[72]
Overfull \hbox (29.4745pt too wide) in paragraph at lines 1746--1746
[]\T1/lmtt/m/n/12 ##   CHIR  FUGUE    HDT     HO    MED   OBST    PSA    REA   
 REO     SC[] 
 []


Overfull \hbox (29.4605pt too wide) in paragraph at lines 1746--1746
[]\T1/lmtt/m/n/12 ##     83    171     10      2     50      1   2017      9   
 945      3[] 
 []


Overfull \hbox (41.82451pt too wide) in paragraph at lines 1757--1757
[]\T1/lmtt/m/n/12 ##  CHIR FUGUE   HDT    HO   MED  OBST   PSA   REA   REO    S
C  SCAM    SI[] 
 []


Overfull \hbox (41.78949pt too wide) in paragraph at lines 1757--1757
[]\T1/lmtt/m/n/12 ##  2.18  4.49  0.26  0.05  1.31  0.03 52.91  0.24 24.79  0.0
8  8.68  0.55[] 
 []


Overfull \hbox (129.89935pt too wide) in paragraph at lines 1759--1759
[][]\T1/lmtt/b/n/12 tab1[]\T1/lmtt/m/n/12 ([]\T1/lmtt/b/n/12 as.factor[]\T1/lmt
t/m/n/12 (a$ORIENTATION), sort.group = []"decreasing"[], horiz = TRUE, cex.name
s = 0.8,[] 
 []


Overfull \hbox (72.69952pt too wide) in paragraph at lines 1760--1760
[]    \T1/lmtt/m/n/12 xlab = []""[], main = []"Orientation des patients non hos
pitaliss"[], missing = F)[] 
 []

<figure/fausses_sorties.pdf, id=1041, 505.89pt x 505.89pt>
File: figure/fausses_sorties.pdf Graphic file (type pdf)

<use figure/fausses_sorties.pdf>
Package pdftex.def Info: figure/fausses_sorties.pdf used on input line 1763.
(pdftex.def)             Requested size: 415.12572pt x 415.13351pt.

Overfull \hbox (17.62482pt too wide) in paragraph at lines 1763--1764
[][] 
 []


Underfull \vbox (badness 10000) has occurred while \output is active []

 [73]
[74 <./figure/fausses_sorties.pdf>] [75]
Chapitre 13.
[76

]
Chapitre 14.

Overfull \hbox (0.49896pt too wide) in paragraph at lines 1815--1815
[]\T1/lmr/bx/n/17.28 Variation du nom-bre to-tal de pas-sages jour-
 []

<figure/passages_totaux1.pdf, id=1065, 505.89pt x 505.89pt>
File: figure/passages_totaux1.pdf Graphic file (type pdf)

<use figure/passages_totaux1.pdf>
Package pdftex.def Info: figure/passages_totaux1.pdf used on input line 1819.
(pdftex.def)             Requested size: 415.12572pt x 415.13351pt.

Overfull \hbox (17.62482pt too wide) in paragraph at lines 1819--1834
[][]
 []

<figure/passages_totaux2.pdf, id=1066, 505.89pt x 505.89pt>
File: figure/passages_totaux2.pdf Graphic file (type pdf)

<use figure/passages_totaux2.pdf>
Package pdftex.def Info: figure/passages_totaux2.pdf used on input line 1835.
(pdftex.def)             Requested size: 415.12572pt x 415.13351pt.

Overfull \hbox (17.62482pt too wide) in paragraph at lines 1835--1836
[][] 
 []

<figure/passages_totaux3.pdf, id=1067, 505.89pt x 505.89pt>
Underfull \vbox (badness 1577) has occurred while \output is active []

 [77

 <./figure/passages_totaux1.pdf>]
File: figure/passages_totaux3.pdf Graphic file (type pdf)
 <use figure/passages_totaux3.pdf>
Package pdftex.def Info: figure/passages_totaux3.pdf used on input line 1837.
(pdftex.def)             Requested size: 415.12572pt x 415.13351pt.

Overfull \hbox (17.62482pt too wide) in paragraph at lines 1837--1838
[][] 
 []


Underfull \vbox (badness 10000) has occurred while \output is active []

 [78 <./figure/passages_totaux2.pdf>]
Overfull \hbox (25.11755pt too wide) in paragraph at lines 1845--1846
[]\T1/lmr/m/n/12 Le nom-bre de re-tours  domi-cile est obtenu  par-tir de la 
rubrique MODE_SORTIE.
 []

<figure/retour_dom.pdf, id=1088, 505.89pt x 505.89pt>
File: figure/retour_dom.pdf Graphic file (type pdf)

<use figure/retour_dom.pdf>
Package pdftex.def Info: figure/retour_dom.pdf used on input line 1868.
(pdftex.def)             Requested size: 415.12572pt x 415.13351pt.

Overfull \hbox (17.62482pt too wide) in paragraph at lines 1868--1869
[][] 
 []


Underfull \vbox (badness 10000) has occurred while \output is active []



Package Fancyhdr Warning: \headheight is too small (15.39603pt): 
 Make it at least 27.11653pt.
 We now make it that large for the rest of the document.
 This may cause the page layout to be inconsistent, however.

[79 <./figure/passages_totaux3.pdf>]
<figure/retour_dom2.pdf, id=1100, 505.89pt x 505.89pt>
File: figure/retour_dom2.pdf Graphic file (type pdf)

<use figure/retour_dom2.pdf>
Package pdftex.def Info: figure/retour_dom2.pdf used on input line 1874.
(pdftex.def)             Requested size: 415.12572pt x 415.13351pt.

Overfull \hbox (17.62482pt too wide) in paragraph at lines 1874--1875
[][] 
 []


Underfull \vbox (badness 10000) has occurred while \output is active []

 [80 <./figure/retour_dom.pdf>] <figure/hospit.pdf, id=1111, 505.89pt x 505.89p
t>
File: figure/hospit.pdf Graphic file (type pdf)

<use figure/hospit.pdf>
Package pdftex.def Info: figure/hospit.pdf used on input line 1897.
(pdftex.def)             Requested size: 415.12572pt x 415.13351pt.

Overfull \hbox (17.62482pt too wide) in paragraph at lines 1897--1898
[][] 
 []


Underfull \vbox (badness 10000) has occurred while \output is active []

 [81 <./figure/retour_dom2.pdf>] <figure/retour_dom3.pdf, id=1122, 505.89pt x 5
05.89pt>
File: figure/retour_dom3.pdf Graphic file (type pdf)

<use figure/retour_dom3.pdf>
Package pdftex.def Info: figure/retour_dom3.pdf used on input line 1904.
(pdftex.def)             Requested size: 415.12572pt x 415.13351pt.

Overfull \hbox (17.62482pt too wide) in paragraph at lines 1904--1905
[][] 
 []


Underfull \vbox (badness 10000) has occurred while \output is active []

 [82 <./figure/hospit.pdf>] [83 <./figure/retour_dom3.pdf>] [84

]
Chapitre 15.
[85

] [86

]
Chapitre 16.

Package xcolor Warning: Incompatible color definition on input line 1956.


Overfull \hbox (10.9495pt too wide) in paragraph at lines 1973--1973
[]\T1/lmtt/m/n/12 ##  [1] "id"            "CODE_POSTAL"   "COMMUNE"       "DEST
INATION"[] 
 []

[87

]
Chapitre 17.

Package xcolor Warning: Incompatible color definition on input line 1981.


Overfull \hbox (628.35875pt too wide) in paragraph at lines 2008--2008
[]\T1/lmtt/m/n/12 ##  $ id           : chr  "2c9d83843bf5e01d013bf5e985d20225" 
"2c9d83843bf5e01d013bf5e986950226" "2c9d83843bf5e01d013bf5e987620227" "2c9d8384
3bf5e01d013bf5e988060228" ...[] 
 []


Overfull \hbox (239.36157pt too wide) in paragraph at lines 2008--2008
[]\T1/lmtt/m/n/12 ##  $ CODE_POSTAL  : Factor w/ 2430 levels "00000","00159",..
: 706 706 706 706 706 701 818 706 706 706 ...[] 
 []


Overfull \hbox (387.62468pt too wide) in paragraph at lines 2008--2008
[]\T1/lmtt/m/n/12 ##  $ COMMUNE      : Factor w/ 5005 levels "00","01257 DRESDE
N ALLEMAGNE",..: 2184 2184 2184 2184 741 2048 2033 2184 2184 2184 ...[] 
 []


Overfull \hbox (152.97456pt too wide) in paragraph at lines 2008--2008
[]\T1/lmtt/m/n/12 ##  $ DESTINATION  : Factor w/ 7 levels "NA","MCO","SSR",..: 
NA NA NA NA NA NA 2 NA 2 NA ...[] 
 []


Overfull \hbox (307.33563pt too wide) in paragraph at lines 2008--2008
[]\T1/lmtt/m/n/12 ##  $ ENTREE       : chr  "2013-01-01 00:04:00" "2013-01-01 0
0:16:00" "2013-01-01 00:26:00" "2013-01-01 00:32:00" ...[] 
 []


Overfull \hbox (307.34964pt too wide) in paragraph at lines 2008--2008
[]\T1/lmtt/m/n/12 ##  $ EXTRACT      : chr  "2013-01-01 05:37:00" "2013-01-01 0
5:37:00" "2013-01-01 05:37:00" "2013-01-01 05:37:00" ...[] 
 []


Overfull \hbox (177.67458pt too wide) in paragraph at lines 2008--2008
[]\T1/lmtt/m/n/12 ##  $ FINESS       : Factor w/ 12 levels "3Fr","Alk","Col",..
: 10 10 10 10 10 10 10 10 10 10 ...[] 
 []


Overfull \hbox (97.39954pt too wide) in paragraph at lines 2008--2008
[]\T1/lmtt/m/n/12 ##  $ GRAVITE      : Factor w/ 7 levels "1","2","3","4",..: 2
 2 3 2 2 1 3 2 2 2 ...[] 
 []


Overfull \hbox (97.39954pt too wide) in paragraph at lines 2008--2008
[]\T1/lmtt/m/n/12 ##  $ MODE_ENTREE  : Factor w/ 5 levels "NA","Mutation",..: 4
 4 4 4 4 4 4 4 4 4 ...[] 
 []


Overfull \hbox (97.39954pt too wide) in paragraph at lines 2008--2008
[]\T1/lmtt/m/n/12 ##  $ MODE_SORTIE  : Factor w/ 5 levels "NA","Mutation",..: 4
 4 4 4 4 4 2 4 2 4 ...[] 
 []


Overfull \hbox (60.34952pt too wide) in paragraph at lines 2008--2008
[]\T1/lmtt/m/n/12 ##  $ MOTIF        : chr  "GASTRO04" "DIVERS23" "TRAUMATO10" 
"TRAUMATO02" ...[] 
 []


Overfull \hbox (307.30762pt too wide) in paragraph at lines 2008--2008
[]\T1/lmtt/m/n/12 ##  $ NAISSANCE    : chr  "1960-04-08 00:00:00" "1986-03-05 0
0:00:00" "1971-12-22 00:00:00" "1927-04-27 00:00:00" ...[] 
 []


Overfull \hbox (146.79956pt too wide) in paragraph at lines 2008--2008
[]\T1/lmtt/m/n/12 ##  $ ORIENTATION  : Factor w/ 13 levels "CHIR","FUGUE",..: N
A NA NA NA NA NA 5 NA 5 NA ...[] 
 []


Overfull \hbox (103.5045pt too wide) in paragraph at lines 2008--2008
[]\T1/lmtt/m/n/12 ##  $ PROVENANCE   : Factor w/ 7 levels "NA","MCO","SSR",..: 
6 6 6 6 6 6 6 6 6 6 ...[] 
 []


Overfull \hbox (54.17451pt too wide) in paragraph at lines 2008--2008
[]\T1/lmtt/m/n/12 ##  $ SEXE         : Factor w/ 3 levels "F","I","M": 3 3 3 1 
3 3 1 1 1 1 ...[] 
 []


Overfull \hbox (307.34964pt too wide) in paragraph at lines 2008--2008
[]\T1/lmtt/m/n/12 ##  $ SORTIE       : chr  "2013-01-01 02:38:00" "2013-01-01 0
0:38:00" "2013-01-01 02:07:00" "2013-01-01 01:52:00" ...[] 
 []


Overfull \hbox (115.90353pt too wide) in paragraph at lines 2008--2008
[]\T1/lmtt/m/n/12 ##  $ TRANSPORT    : Factor w/ 6 levels "AMBU","FO","HELI",..
: 4 4 4 1 4 4 6 6 4 4 ...[] 
 []


Overfull \hbox (85.04953pt too wide) in paragraph at lines 2008--2008
[]\T1/lmtt/m/n/12 ##  $ TRANSPORT_PEC: Factor w/ 3 levels "AUCUN","MED",..: 1 1
 1 3 1 1 2 2 1 1 ...[] 
 []


Overfull \hbox (29.4745pt too wide) in paragraph at lines 2061--2061
[]\T1/lmtt/m/n/12 ##       id             CODE_POSTAL           COMMUNE        
DESTINATION[] 
 []


Overfull \hbox (41.8035pt too wide) in paragraph at lines 2061--2061
[]\T1/lmtt/m/n/12 ##  Length:222351      68000  : 15355   MULHOUSE  : 26102   M
CO    : 46015[] 
 []


Overfull \hbox (41.8175pt too wide) in paragraph at lines 2061--2061
[]\T1/lmtt/m/n/12 ##  Class :character   68200  : 13754   STRASBOURG: 22812   P
SY    :   807[] 
 []


Overfull \hbox (41.8105pt too wide) in paragraph at lines 2061--2061
[]\T1/lmtt/m/n/12 ##  Mode  :character   68100  : 12414   COLMAR    : 15353   S
SR    :    56[] 
 []


Overfull \hbox (41.8105pt too wide) in paragraph at lines 2061--2061
[]\T1/lmtt/m/n/12 ##                     67100  : 10377   HAGUENAU  :  4685   H
MS    :    18[] 
 []


Overfull \hbox (41.8105pt too wide) in paragraph at lines 2061--2061
[]\T1/lmtt/m/n/12 ##                     67000  :  7349   SELESTAT  :  3845   S
LD    :    10[] 
 []


Overfull \hbox (41.8105pt too wide) in paragraph at lines 2061--2061
[]\T1/lmtt/m/n/12 ##                     68500  :  5807   (Other)   :149550   (
Other):     1[] 
 []


Overfull \hbox (41.8175pt too wide) in paragraph at lines 2061--2061
[]\T1/lmtt/m/n/12 ##                     (Other):157295   NA\TS1/lmtt/m/n/12 '\
T1/lmtt/m/n/12 s      :     4   NA\TS1/lmtt/m/n/12 '\T1/lmtt/m/n/12 s   :175444
[] 
 []


Overfull \hbox (23.2995pt too wide) in paragraph at lines 2061--2061
[]\T1/lmtt/m/n/12 ##       DP               ENTREE            EXTRACT          
    FINESS[] 
 []


Overfull \hbox (41.82451pt too wide) in paragraph at lines 2061--2061
[]\T1/lmtt/m/n/12 ##  Length:222351      Length:222351      Length:222351      
Col    :44271[] 
 []


Overfull \hbox (41.8035pt too wide) in paragraph at lines 2061--2061
[]\T1/lmtt/m/n/12 ##  Class :character   Class :character   Class :character   
Mul    :36619[] 
 []


Overfull \hbox (41.8175pt too wide) in paragraph at lines 2061--2061
[]\T1/lmtt/m/n/12 ##  Mode  :character   Mode  :character   Mode  :character   
Hus    :25498[] 
 []


Overfull \hbox (41.82451pt too wide) in paragraph at lines 2061--2061
[]\T1/lmtt/m/n/12 ##                                                           
Hag    :23542[] 
 []


Overfull \hbox (41.7965pt too wide) in paragraph at lines 2061--2061
[]\T1/lmtt/m/n/12 ##                                                           
Dia    :19699[] 
 []


Overfull \hbox (41.82451pt too wide) in paragraph at lines 2061--2061
[]\T1/lmtt/m/n/12 ##                                                           
Sel    :18502[] 
 []


Overfull \hbox (41.82451pt too wide) in paragraph at lines 2061--2061
[]\T1/lmtt/m/n/12 ##                                                           
(Other):54220[] 
 []


Overfull \hbox (23.2995pt too wide) in paragraph at lines 2061--2061
[]\T1/lmtt/m/n/12 ##     MOTIF            NAISSANCE          ORIENTATION       
PROVENANCE[] 
 []


Overfull \hbox (35.6425pt too wide) in paragraph at lines 2061--2061
[]\T1/lmtt/m/n/12 ##  Length:222351      Length:222351      UHCD   : 22047   PE
A    :122036[] 
 []


Overfull \hbox (35.6425pt too wide) in paragraph at lines 2061--2061
[]\T1/lmtt/m/n/12 ##  Class :character   Class :character   MED    : 11231   PE
O    : 19435[] 
 []


Overfull \hbox (35.6285pt too wide) in paragraph at lines 2061--2061
[]\T1/lmtt/m/n/12 ##  Mode  :character   Mode  :character   CHIR   :  4989   MC
O    :  5049[] 
 []


Overfull \hbox (35.6495pt too wide) in paragraph at lines 2061--2061
[]\T1/lmtt/m/n/12 ##                                        PSA    :  2058   PS
Y    :    30[] 
 []


Overfull \hbox (35.6285pt too wide) in paragraph at lines 2061--2061
[]\T1/lmtt/m/n/12 ##                                        REO    :   967   SS
R    :    29[] 
 []


Overfull \hbox (35.6425pt too wide) in paragraph at lines 2061--2061
[]\T1/lmtt/m/n/12 ##                                        (Other):  3159   (O
ther):    15[] 
 []


Overfull \hbox (35.6425pt too wide) in paragraph at lines 2061--2061
[]\T1/lmtt/m/n/12 ##                                        NA\TS1/lmtt/m/n/12 
'\T1/lmtt/m/n/12 s   :177900   NA\TS1/lmtt/m/n/12 '\T1/lmtt/m/n/12 s   : 75757[
] 
 []

[88

] [89] [90

]
Annexe A.

Overfull \hbox (141.03844pt too wide) detected at line 2091
[]
 []


Overfull \hbox (101.02733pt too wide) detected at line 2096
[]
 []

[91

] [92]
Annexe B.
[93

] [94] [95]
Annexe C.
[96

]
Annexe D.
[97

]
Annexe E.
(./RPU2013.bbl [98

]
Underfull \hbox (badness 10000) in paragraph at lines 32--37
[]\T1/lmr/m/n/12 INSEE.  Pop-u-la-tion comp-te  part.  2013.  [][]$\T1/lmtt/m
/n/12 http : / /
 []


Underfull \hbox (badness 10000) in paragraph at lines 32--37
\T1/lmtt/m/n/12 www . insee . fr / fr / methodes / default . asp ? page = defin
itions /
 []


Underfull \hbox (badness 1533) in paragraph at lines 85--91
[]\T1/lmr/m/n/12 Naomi B. Rob-bins and Richard M. Heiberger.  Plot-ting lik-ert
 and
 []


Underfull \hbox (badness 2073) in paragraph at lines 85--91
\T1/lmr/m/n/12 other rat-ing scales.  \T1/lmr/m/it/12 JSM Pro-ceed-ings\T1/lmr/
m/n/12 , Sec-tion on Sur-vey Re-search
 []


Underfull \hbox (badness 3396) in paragraph at lines 85--91
\T1/lmr/m/n/12 Meth-ods. Alexan-dria, VA : Amer-i-can Sta-tis-ti-cal As-so-ci-a
-tion :1058--
 []

[99

]
Underfull \hbox (badness 1132) in paragraph at lines 93--98
[]\T1/lmr/m/n/12 SFMU.  Thsaurus des di-ag-nos-tics et actes des struc-tures d
'ur-gence
 []

) [100]
Annexe F.
(./RPU2013.ind [101

] [102

])
Package atveryend Info: Empty hook `BeforeClearDocument' on input line 2210.
Package atveryend Info: Empty hook `AfterLastShipout' on input line 2210.
 (./RPU2013.aux)
Package atveryend Info: Executing hook `AtVeryEndDocument' on input line 2210.
Package atveryend Info: Executing hook `AtEndAfterFileList' on input line 2210.

Package rerunfilecheck Info: File `RPU2013.out' has not changed.
(rerunfilecheck)             Checksum: BC749914D4B4C9A936D38737DCCDB3A4;3688.


LaTeX Warning: There were undefined references.

Package atveryend Info: Empty hook `AtVeryVeryEnd' on input line 2210.
 ) 
Here is how much of TeX's memory you used:
 18021 strings out of 495059
 303475 string characters out of 3182029
 398033 words of memory out of 3000000
 20435 multiletter control sequences out of 15000+200000
 81005 words of font info for 73 fonts, out of 3000000 for 9000
 14 hyphenation exceptions out of 8191
 56i,12n,65p,749b,542s stack positions out of 5000i,500n,10000p,200000b,50000s
{/usr/share/texmf/fonts/enc/dvips/lm/lm-ts1.enc}{/usr/share/texmf/fonts/enc/d
vips/lm/lm-ec.enc}{/usr/share/texmf/fonts/enc/dvips/lm/lm-rm.enc}{/usr/share/te
xmf/fonts/enc/dvips/lm/lm-mathsy.enc}{/usr/share/texmf/fonts/enc/dvips/lm/lm-ma
thit.enc}</usr/share/texmf/fonts/type1/public/lm/lmbx12.pfb></usr/share/texmf/f
onts/type1/public/lm/lmcsc10.pfb></usr/share/texmf/fonts/type1/public/lm/lmmi12
.pfb></usr/share/texmf/fonts/type1/public/lm/lmr10.pfb></usr/share/texmf/fonts/
type1/public/lm/lmr12.pfb></usr/share/texmf/fonts/type1/public/lm/lmr17.pfb></u
sr/share/texmf/fonts/type1/public/lm/lmr8.pfb></usr/share/texmf/fonts/type1/pub
lic/lm/lmri12.pfb></usr/share/texmf/fonts/type1/public/lm/lmsy10.pfb></usr/shar
e/texmf/fonts/type1/public/lm/lmtk10.pfb></usr/share/texmf/fonts/type1/public/l
m/lmtt12.pfb></usr/share/texmf/fonts/type1/public/lm/lmtti10.pfb>
Output written on RPU2013.pdf (102 pages, 712653 bytes).
PDF statistics:
 1470 PDF objects out of 1728 (max. 8388607)
 1246 compressed objects within 13 object streams
 313 named destinations out of 1000 (max. 500000)
 693 words of extra memory for PDF output out of 10000 (max. 10000000)

